[     887ms] [INFO] %cDownload the React DevTools for a better development experience: https://reactjs.org/link/react-devtools font-weight:bold @ webpack-internal:///(app-pages-browser)/./node_modules/next/dist/compiled/react-dom/cjs/react-dom.development.js:38559
[    1646ms] [ERROR] Failed to load resource: the server responded with a status of 404 () @ https://dzhtpnskezkrtfinntbi.supabase.co/rest/v1/translations?select=key%2Cen%2Chy:0
[    2495ms] [ERROR] Failed to load resource: the server responded with a status of 404 () @ https://dzhtpnskezkrtfinntbi.supabase.co/rest/v1/translations?select=key%2Cen%2Chy:0
[    4614ms] [ERROR] Failed to load resource: the server responded with a status of 500 (Internal Server Error) @ http://localhost:3001/api/analytics/geo:0
[   90710ms] [LOG] [Fast Refresh] rebuilding @ webpack-internal:///(app-pages-browser)/./node_modules/next/dist/client/components/react-dev-overlay/app/hot-reloader-client.js:186
[   91316ms] [LOG] [Fast Refresh] done in 606ms @ webpack-internal:///(app-pages-browser)/./node_modules/next/dist/client/components/react-dev-overlay/app/hot-reloader-client.js:43
[  106572ms] [LOG] [Fast Refresh] rebuilding @ webpack-internal:///(app-pages-browser)/./node_modules/next/dist/client/components/react-dev-overlay/app/hot-reloader-client.js:186
[  107141ms] [WARNING] [Fast Refresh] performing full reload

Fast Refresh will perform a full reload when you edit a file that's imported by modules outside of the React rendering tree.
You might have a file which exports a React component but also exports a value that is imported by a non-React component file.
Consider migrating the non-React component export to a separate file and importing it into both files.

It is also possible the parent component of the component you edited is a class component, which disables Fast Refresh.
Fast Refresh requires at least one parent function component in your React tree. @ webpack-internal:///(app-pages-browser)/./node_modules/next/dist/client/components/react-dev-overlay/app/hot-reloader-client.js:112
[  107819ms] [INFO] %cDownload the React DevTools for a better development experience: https://reactjs.org/link/react-devtools font-weight:bold @ webpack-internal:///(app-pages-browser)/./node_modules/next/dist/compiled/react-dom/cjs/react-dom.development.js:38559
[  108386ms] [ERROR] Failed to load resource: the server responded with a status of 404 () @ https://dzhtpnskezkrtfinntbi.supabase.co/rest/v1/translations?select=key%2Cen%2Chy:0
[  108640ms] [ERROR] Failed to load resource: the server responded with a status of 404 () @ https://dzhtpnskezkrtfinntbi.supabase.co/rest/v1/translations?select=key%2Cen%2Chy:0
[  108748ms] [ERROR] Failed to load resource: the server responded with a status of 409 () @ https://dzhtpnskezkrtfinntbi.supabase.co/rest/v1/analytics_sessions:0
[  109203ms] [ERROR] Failed to load resource: the server responded with a status of 500 (Internal Server Error) @ http://localhost:3001/api/analytics/geo:0
[  115670ms] [LOG] [Fast Refresh] rebuilding @ webpack-internal:///(app-pages-browser)/./node_modules/next/dist/client/components/react-dev-overlay/app/hot-reloader-client.js:186
[  116264ms] [WARNING] [Fast Refresh] performing full reload

Fast Refresh will perform a full reload when you edit a file that's imported by modules outside of the React rendering tree.
You might have a file which exports a React component but also exports a value that is imported by a non-React component file.
Consider migrating the non-React component export to a separate file and importing it into both files.

It is also possible the parent component of the component you edited is a class component, which disables Fast Refresh.
Fast Refresh requires at least one parent function component in your React tree. @ webpack-internal:///(app-pages-browser)/./node_modules/next/dist/client/components/react-dev-overlay/app/hot-reloader-client.js:112
[  118918ms] [INFO] %cDownload the React DevTools for a better development experience: https://reactjs.org/link/react-devtools font-weight:bold @ webpack-internal:///(app-pages-browser)/./node_modules/next/dist/compiled/react-dom/cjs/react-dom.development.js:38559
[  119328ms] [ERROR] Failed to load resource: the server responded with a status of 404 () @ https://dzhtpnskezkrtfinntbi.supabase.co/rest/v1/translations?select=key%2Cen%2Chy:0
[  119584ms] [ERROR] Failed to load resource: the server responded with a status of 404 () @ https://dzhtpnskezkrtfinntbi.supabase.co/rest/v1/translations?select=key%2Cen%2Chy:0
[  120076ms] [ERROR] Failed to load resource: the server responded with a status of 409 () @ https://dzhtpnskezkrtfinntbi.supabase.co/rest/v1/analytics_sessions:0
[  120333ms] [ERROR] Failed to load resource: the server responded with a status of 500 (Internal Server Error) @ http://localhost:3001/api/analytics/geo:0
