[     596ms] [INFO] %cDownload the React DevTools for a better development experience: https://reactjs.org/link/react-devtools font-weight:bold @ webpack-internal:///(app-pages-browser)/./node_modules/next/dist/compiled/react-dom/cjs/react-dom.development.js:38559
[    1154ms] [WARNING] Skipping auto-scroll behavior due to `position: sticky` or `position: fixed` on element: JSHandle@node @ webpack-internal:///(app-pages-browser)/./node_modules/next/dist/client/components/layout-router.js:109
[    1427ms] [ERROR] Failed to load resource: the server responded with a status of 406 () @ https://dzhtpnskezkrtfinntbi.supabase.co/rest/v1/pet_profiles?select=display_name%2Cbreed%2Ccity%2Cavatar_url%2Cprofile_photo_url&user_id=eq.93923e61-154c-4d71-a971-c373b064d48e:0
[    1511ms] [WARNING] Image with src "https://res.cloudinary.com/dppatx2f4/image/upload/v1776175422/pure-pet-products/mnhp0bgf06mj8v3v6zfd.png" was detected as the Largest Contentful Paint (LCP). Please add the "priority" property if this image is above the fold.
Read more: https://nextjs.org/docs/api-reference/next/image#priority @ webpack-internal:///(app-pages-browser)/./node_modules/next/dist/shared/lib/utils/warn-once.js:15
[    1675ms] [ERROR] Failed to load resource: the server responded with a status of 406 () @ https://dzhtpnskezkrtfinntbi.supabase.co/rest/v1/pet_profiles?select=display_name%2Cbreed%2Ccity%2Cavatar_url%2Cprofile_photo_url&user_id=eq.93923e61-154c-4d71-a971-c373b064d48e:0
[ 1077180ms] [LOG] [Fast Refresh] rebuilding @ webpack-internal:///(app-pages-browser)/./node_modules/next/dist/client/components/react-dev-overlay/app/hot-reloader-client.js:186
[ 1077462ms] [LOG] [Fast Refresh] done in 283ms @ webpack-internal:///(app-pages-browser)/./node_modules/next/dist/client/components/react-dev-overlay/app/hot-reloader-client.js:43
[ 1079638ms] [LOG] [Fast Refresh] rebuilding @ webpack-internal:///(app-pages-browser)/./node_modules/next/dist/client/components/react-dev-overlay/app/hot-reloader-client.js:186
[ 1079819ms] [LOG] [Fast Refresh] done in 181ms @ webpack-internal:///(app-pages-browser)/./node_modules/next/dist/client/components/react-dev-overlay/app/hot-reloader-client.js:43
[ 3063630ms] [ERROR] Failed to load resource: the server responded with a status of 406 () @ https://dzhtpnskezkrtfinntbi.supabase.co/rest/v1/pet_profiles?select=display_name%2Cbreed%2Ccity%2Cavatar_url%2Cprofile_photo_url&user_id=eq.93923e61-154c-4d71-a971-c373b064d48e:0
[ 6564581ms] [ERROR] Failed to load resource: the server responded with a status of 406 () @ https://dzhtpnskezkrtfinntbi.supabase.co/rest/v1/pet_profiles?select=display_name%2Cbreed%2Ccity%2Cavatar_url%2Cprofile_photo_url&user_id=eq.93923e61-154c-4d71-a971-c373b064d48e:0
[10046671ms] [ERROR] Failed to load resource: the server responded with a status of 406 () @ https://dzhtpnskezkrtfinntbi.supabase.co/rest/v1/pet_profiles?select=display_name%2Cbreed%2Ccity%2Cavatar_url%2Cprofile_photo_url&user_id=eq.93923e61-154c-4d71-a971-c373b064d48e:0
[13528593ms] [ERROR] Failed to load resource: the server responded with a status of 406 () @ https://dzhtpnskezkrtfinntbi.supabase.co/rest/v1/pet_profiles?select=display_name%2Cbreed%2Ccity%2Cavatar_url%2Cprofile_photo_url&user_id=eq.93923e61-154c-4d71-a971-c373b064d48e:0
[17013017ms] [ERROR] Failed to load resource: the server responded with a status of 406 () @ https://dzhtpnskezkrtfinntbi.supabase.co/rest/v1/pet_profiles?select=display_name%2Cbreed%2Ccity%2Cavatar_url%2Cprofile_photo_url&user_id=eq.93923e61-154c-4d71-a971-c373b064d48e:0
[20515951ms] [ERROR] Failed to load resource: the server responded with a status of 406 () @ https://dzhtpnskezkrtfinntbi.supabase.co/rest/v1/pet_profiles?select=display_name%2Cbreed%2Ccity%2Cavatar_url%2Cprofile_photo_url&user_id=eq.93923e61-154c-4d71-a971-c373b064d48e:0
[23997310ms] [ERROR] Failed to load resource: the server responded with a status of 406 () @ https://dzhtpnskezkrtfinntbi.supabase.co/rest/v1/pet_profiles?select=display_name%2Cbreed%2Ccity%2Cavatar_url%2Cprofile_photo_url&user_id=eq.93923e61-154c-4d71-a971-c373b064d48e:0
[27479237ms] [ERROR] Failed to load resource: the server responded with a status of 406 () @ https://dzhtpnskezkrtfinntbi.supabase.co/rest/v1/pet_profiles?select=display_name%2Cbreed%2Ccity%2Cavatar_url%2Cprofile_photo_url&user_id=eq.93923e61-154c-4d71-a971-c373b064d48e:0
[30963123ms] [ERROR] Failed to load resource: the server responded with a status of 406 () @ https://dzhtpnskezkrtfinntbi.supabase.co/rest/v1/pet_profiles?select=display_name%2Cbreed%2Ccity%2Cavatar_url%2Cprofile_photo_url&user_id=eq.93923e61-154c-4d71-a971-c373b064d48e:0
[34464427ms] [ERROR] Failed to load resource: the server responded with a status of 406 () @ https://dzhtpnskezkrtfinntbi.supabase.co/rest/v1/pet_profiles?select=display_name%2Cbreed%2Ccity%2Cavatar_url%2Cprofile_photo_url&user_id=eq.93923e61-154c-4d71-a971-c373b064d48e:0
