[     941ms] [INFO] %cDownload the React DevTools for a better development experience: https://reactjs.org/link/react-devtools font-weight:bold @ webpack-internal:///(app-pages-browser)/./node_modules/next/dist/compiled/react-dom/cjs/react-dom.development.js:38559
[    3775ms] [ERROR] Access to fetch at 'https://dzhtpnskezkrtfinntbi.supabase.co/rest/v1/upsells?select=*%2Ctarget_product%3Aproducts%28*%29&source_product_id=eq.39ddced2-b44f-4f48-a39e-f2d79b1a8246&is_active=eq.true&order=sort_order.asc' from origin 'http://localhost:3001' has been blocked by CORS policy: The 'Access-Control-Allow-Origin' header has a value 'http://localhost:3000' that is not equal to the supplied origin. Have the server send the header with a valid value. @ http://localhost:3001/products/beef-rice-veggies:0
[    3775ms] [ERROR] Failed to load resource: net::ERR_FAILED @ https://dzhtpnskezkrtfinntbi.supabase.co/rest/v1/upsells?select=*%2Ctarget_product%3Aproducts%28*%29&source_product_id=eq.39ddced2-b44f-4f48-a39e-f2d79b1a8246&is_active=eq.true&order=sort_order.asc:0
[    4111ms] [ERROR] Access to fetch at 'https://dzhtpnskezkrtfinntbi.supabase.co/rest/v1/upsells?select=*%2Ctarget_product%3Aproducts%28*%29&source_product_id=eq.39ddced2-b44f-4f48-a39e-f2d79b1a8246&is_active=eq.true&order=sort_order.asc' from origin 'http://localhost:3001' has been blocked by CORS policy: The 'Access-Control-Allow-Origin' header has a value 'http://localhost:3000' that is not equal to the supplied origin. Have the server send the header with a valid value. @ http://localhost:3001/products/beef-rice-veggies:0
[    4111ms] [ERROR] Failed to load resource: net::ERR_FAILED @ https://dzhtpnskezkrtfinntbi.supabase.co/rest/v1/upsells?select=*%2Ctarget_product%3Aproducts%28*%29&source_product_id=eq.39ddced2-b44f-4f48-a39e-f2d79b1a8246&is_active=eq.true&order=sort_order.asc:0
[   44443ms] [LOG] [Fast Refresh] rebuilding @ webpack-internal:///(app-pages-browser)/./node_modules/next/dist/client/components/react-dev-overlay/app/hot-reloader-client.js:186
[   44890ms] [LOG] [Fast Refresh] done in 447ms @ webpack-internal:///(app-pages-browser)/./node_modules/next/dist/client/components/react-dev-overlay/app/hot-reloader-client.js:43
[   45130ms] [LOG] [Fast Refresh] rebuilding @ webpack-internal:///(app-pages-browser)/./node_modules/next/dist/client/components/react-dev-overlay/app/hot-reloader-client.js:186
[   45600ms] [LOG] [Fast Refresh] done in 469ms @ webpack-internal:///(app-pages-browser)/./node_modules/next/dist/client/components/react-dev-overlay/app/hot-reloader-client.js:43
[   60716ms] [LOG] [Fast Refresh] rebuilding @ webpack-internal:///(app-pages-browser)/./node_modules/next/dist/client/components/react-dev-overlay/app/hot-reloader-client.js:186
[   61056ms] [LOG] [Fast Refresh] done in 340ms @ webpack-internal:///(app-pages-browser)/./node_modules/next/dist/client/components/react-dev-overlay/app/hot-reloader-client.js:43
[   71359ms] [LOG] [Fast Refresh] rebuilding @ webpack-internal:///(app-pages-browser)/./node_modules/next/dist/client/components/react-dev-overlay/app/hot-reloader-client.js:186
[   71799ms] [LOG] [Fast Refresh] done in 439ms @ webpack-internal:///(app-pages-browser)/./node_modules/next/dist/client/components/react-dev-overlay/app/hot-reloader-client.js:43
[  150030ms] [LOG] [Fast Refresh] rebuilding @ webpack-internal:///(app-pages-browser)/./node_modules/next/dist/client/components/react-dev-overlay/app/hot-reloader-client.js:186
[  151663ms] [WARNING] [Fast Refresh] performing full reload

Fast Refresh will perform a full reload when you edit a file that's imported by modules outside of the React rendering tree.
You might have a file which exports a React component but also exports a value that is imported by a non-React component file.
Consider migrating the non-React component export to a separate file and importing it into both files.

It is also possible the parent component of the component you edited is a class component, which disables Fast Refresh.
Fast Refresh requires at least one parent function component in your React tree. @ webpack-internal:///(app-pages-browser)/./node_modules/next/dist/client/components/react-dev-overlay/app/hot-reloader-client.js:112
[  151809ms] [LOG] [Fast Refresh] rebuilding @ webpack-internal:///(app-pages-browser)/./node_modules/next/dist/client/components/react-dev-overlay/app/hot-reloader-client.js:186
[  153122ms] [ERROR] Failed to fetch RSC payload for http://localhost:3001/products/beef-rice-veggies. Falling back to browser navigation. TypeError: Failed to fetch
    at fetchServerResponse (webpack-internal:///(app-pages-browser)/./node_modules/next/dist/client/components/router-reducer/fetch-server-response.js:59:27)
    at fastRefreshReducerImpl (webpack-internal:///(app-pages-browser)/./node_modules/next/dist/client/components/router-reducer/reducers/fast-refresh-reducer.js:33:67)
    at clientReducer (webpack-internal:///(app-pages-browser)/./node_modules/next/dist/client/components/router-reducer/router-reducer.js:41:67)
    at Object.action (webpack-internal:///(app-pages-browser)/./node_modules/next/dist/shared/lib/router/action-queue.js:150:55)
    at runAction (webpack-internal:///(app-pages-browser)/./node_modules/next/dist/shared/lib/router/action-queue.js:56:38)
    at dispatchAction (webpack-internal:///(app-pages-browser)/./node_modules/next/dist/shared/lib/router/action-queue.js:113:9)
    at Object.dispatch (webpack-internal:///(app-pages-browser)/./node_modules/next/dist/shared/lib/router/action-queue.js:145:40)
    at eval (webpack-internal:///(app-pages-browser)/./node_modules/next/dist/client/components/use-reducer-with-devtools.js:130:21)
    at eval (webpack-internal:///(app-pages-browser)/./node_modules/next/dist/client/components/app-router.js:304:25)
    at startTransition (webpack-internal:///(app-pages-browser)/./node_modules/next/dist/compiled/react/cjs/react.development.js:2597:25)
    at Object.fastRefresh (webpack-internal:///(app-pages-browser)/./node_modules/next/dist/client/components/app-router.js:303:48)
    at eval (webpack-internal:///(app-pages-browser)/./node_modules/next/dist/client/components/react-dev-overlay/app/hot-reloader-client.js:277:28)
    at startTransition (webpack-internal:///(app-pages-browser)/./node_modules/next/dist/compiled/react/cjs/react.development.js:2597:25)
    at processMessage (webpack-internal:///(app-pages-browser)/./node_modules/next/dist/client/components/react-dev-overlay/app/hot-reloader-client.js:276:44)
    at WebSocket.handler (webpack-internal:///(app-pages-browser)/./node_modules/next/dist/client/components/react-dev-overlay/app/hot-reloader-client.js:395:17) @ webpack-internal:///(app-pages-browser)/./node_modules/next/dist/client/app-index.js:32
[  153125ms] [ERROR] Failed to load resource: the server responded with a status of 404 (Not Found) @ http://localhost:3001/products/beef-rice-veggies:0
[  153771ms] [INFO] %cDownload the React DevTools for a better development experience: https://reactjs.org/link/react-devtools font-weight:bold @ webpack-internal:///(app-pages-browser)/./node_modules/next/dist/compiled/react-dom/cjs/react-dom.development.js:38559
[  201284ms] [LOG] [Fast Refresh] rebuilding @ webpack-internal:///(app-pages-browser)/./node_modules/next/dist/client/components/react-dev-overlay/app/hot-reloader-client.js:186
[  202487ms] [WARNING] [Fast Refresh] performing full reload

Fast Refresh will perform a full reload when you edit a file that's imported by modules outside of the React rendering tree.
You might have a file which exports a React component but also exports a value that is imported by a non-React component file.
Consider migrating the non-React component export to a separate file and importing it into both files.

It is also possible the parent component of the component you edited is a class component, which disables Fast Refresh.
Fast Refresh requires at least one parent function component in your React tree. @ webpack-internal:///(app-pages-browser)/./node_modules/next/dist/client/components/react-dev-overlay/app/hot-reloader-client.js:112
[  204322ms] [INFO] %cDownload the React DevTools for a better development experience: https://reactjs.org/link/react-devtools font-weight:bold @ webpack-internal:///(app-pages-browser)/./node_modules/next/dist/compiled/react-dom/cjs/react-dom.development.js:38559
[  206319ms] [ERROR] Access to fetch at 'https://dzhtpnskezkrtfinntbi.supabase.co/rest/v1/upsells?select=*%2Ctarget_product%3Aproducts%28*%29&source_product_id=eq.39ddced2-b44f-4f48-a39e-f2d79b1a8246&is_active=eq.true&order=sort_order.asc' from origin 'http://localhost:3001' has been blocked by CORS policy: The 'Access-Control-Allow-Origin' header has a value 'http://localhost:3000' that is not equal to the supplied origin. Have the server send the header with a valid value. @ http://localhost:3001/products/beef-rice-veggies:0
[  206319ms] [ERROR] Failed to load resource: net::ERR_FAILED @ https://dzhtpnskezkrtfinntbi.supabase.co/rest/v1/upsells?select=*%2Ctarget_product%3Aproducts%28*%29&source_product_id=eq.39ddced2-b44f-4f48-a39e-f2d79b1a8246&is_active=eq.true&order=sort_order.asc:0
[  206528ms] [ERROR] Access to fetch at 'https://dzhtpnskezkrtfinntbi.supabase.co/rest/v1/upsells?select=*%2Ctarget_product%3Aproducts%28*%29&source_product_id=eq.39ddced2-b44f-4f48-a39e-f2d79b1a8246&is_active=eq.true&order=sort_order.asc' from origin 'http://localhost:3001' has been blocked by CORS policy: The 'Access-Control-Allow-Origin' header has a value 'http://localhost:3000' that is not equal to the supplied origin. Have the server send the header with a valid value. @ http://localhost:3001/products/beef-rice-veggies:0
[  206528ms] [ERROR] Failed to load resource: net::ERR_FAILED @ https://dzhtpnskezkrtfinntbi.supabase.co/rest/v1/upsells?select=*%2Ctarget_product%3Aproducts%28*%29&source_product_id=eq.39ddced2-b44f-4f48-a39e-f2d79b1a8246&is_active=eq.true&order=sort_order.asc:0
[  230859ms] [LOG] [Fast Refresh] rebuilding @ webpack-internal:///(app-pages-browser)/./node_modules/next/dist/client/components/react-dev-overlay/app/hot-reloader-client.js:186
[  232230ms] [LOG] [Fast Refresh] done in 1371ms @ webpack-internal:///(app-pages-browser)/./node_modules/next/dist/client/components/react-dev-overlay/app/hot-reloader-client.js:43
[  233936ms] [ERROR] Access to fetch at 'https://dzhtpnskezkrtfinntbi.supabase.co/rest/v1/upsells?select=*%2Ctarget_product%3Aproducts%28*%29&source_product_id=eq.39ddced2-b44f-4f48-a39e-f2d79b1a8246&is_active=eq.true&order=sort_order.asc' from origin 'http://localhost:3001' has been blocked by CORS policy: The 'Access-Control-Allow-Origin' header has a value 'http://localhost:3000' that is not equal to the supplied origin. Have the server send the header with a valid value. @ http://localhost:3001/products/beef-rice-veggies:0
[  233936ms] [ERROR] Failed to load resource: net::ERR_FAILED @ https://dzhtpnskezkrtfinntbi.supabase.co/rest/v1/upsells?select=*%2Ctarget_product%3Aproducts%28*%29&source_product_id=eq.39ddced2-b44f-4f48-a39e-f2d79b1a8246&is_active=eq.true&order=sort_order.asc:0
[  237455ms] [LOG] [Fast Refresh] rebuilding @ webpack-internal:///(app-pages-browser)/./node_modules/next/dist/client/components/react-dev-overlay/app/hot-reloader-client.js:186
[  238352ms] [LOG] [Fast Refresh] done in 897ms @ webpack-internal:///(app-pages-browser)/./node_modules/next/dist/client/components/react-dev-overlay/app/hot-reloader-client.js:43
[  239238ms] [ERROR] Access to fetch at 'https://dzhtpnskezkrtfinntbi.supabase.co/rest/v1/upsells?select=*%2Ctarget_product%3Aproducts%28*%29&source_product_id=eq.39ddced2-b44f-4f48-a39e-f2d79b1a8246&is_active=eq.true&order=sort_order.asc' from origin 'http://localhost:3001' has been blocked by CORS policy: The 'Access-Control-Allow-Origin' header has a value 'http://localhost:3000' that is not equal to the supplied origin. Have the server send the header with a valid value. @ http://localhost:3001/products/beef-rice-veggies:0
[  239239ms] [ERROR] Failed to load resource: net::ERR_FAILED @ https://dzhtpnskezkrtfinntbi.supabase.co/rest/v1/upsells?select=*%2Ctarget_product%3Aproducts%28*%29&source_product_id=eq.39ddced2-b44f-4f48-a39e-f2d79b1a8246&is_active=eq.true&order=sort_order.asc:0
[  245710ms] [LOG] [Fast Refresh] rebuilding @ webpack-internal:///(app-pages-browser)/./node_modules/next/dist/client/components/react-dev-overlay/app/hot-reloader-client.js:186
[  246647ms] [LOG] [Fast Refresh] done in 937ms @ webpack-internal:///(app-pages-browser)/./node_modules/next/dist/client/components/react-dev-overlay/app/hot-reloader-client.js:43
[  247534ms] [ERROR] Access to fetch at 'https://dzhtpnskezkrtfinntbi.supabase.co/rest/v1/upsells?select=*%2Ctarget_product%3Aproducts%28*%29&source_product_id=eq.39ddced2-b44f-4f48-a39e-f2d79b1a8246&is_active=eq.true&order=sort_order.asc' from origin 'http://localhost:3001' has been blocked by CORS policy: The 'Access-Control-Allow-Origin' header has a value 'http://localhost:3000' that is not equal to the supplied origin. Have the server send the header with a valid value. @ http://localhost:3001/products/beef-rice-veggies:0
[  247534ms] [ERROR] Failed to load resource: net::ERR_FAILED @ https://dzhtpnskezkrtfinntbi.supabase.co/rest/v1/upsells?select=*%2Ctarget_product%3Aproducts%28*%29&source_product_id=eq.39ddced2-b44f-4f48-a39e-f2d79b1a8246&is_active=eq.true&order=sort_order.asc:0
[  253008ms] [LOG] [Fast Refresh] rebuilding @ webpack-internal:///(app-pages-browser)/./node_modules/next/dist/client/components/react-dev-overlay/app/hot-reloader-client.js:186
[  253776ms] [LOG] [Fast Refresh] done in 768ms @ webpack-internal:///(app-pages-browser)/./node_modules/next/dist/client/components/react-dev-overlay/app/hot-reloader-client.js:43
[  254936ms] [ERROR] Access to fetch at 'https://dzhtpnskezkrtfinntbi.supabase.co/rest/v1/upsells?select=*%2Ctarget_product%3Aproducts%28*%29&source_product_id=eq.39ddced2-b44f-4f48-a39e-f2d79b1a8246&is_active=eq.true&order=sort_order.asc' from origin 'http://localhost:3001' has been blocked by CORS policy: The 'Access-Control-Allow-Origin' header has a value 'http://localhost:3000' that is not equal to the supplied origin. Have the server send the header with a valid value. @ http://localhost:3001/products/beef-rice-veggies:0
[  254936ms] [ERROR] Failed to load resource: net::ERR_FAILED @ https://dzhtpnskezkrtfinntbi.supabase.co/rest/v1/upsells?select=*%2Ctarget_product%3Aproducts%28*%29&source_product_id=eq.39ddced2-b44f-4f48-a39e-f2d79b1a8246&is_active=eq.true&order=sort_order.asc:0
[  260334ms] [LOG] [Fast Refresh] rebuilding @ webpack-internal:///(app-pages-browser)/./node_modules/next/dist/client/components/react-dev-overlay/app/hot-reloader-client.js:186
[  261008ms] [LOG] [Fast Refresh] done in 674ms @ webpack-internal:///(app-pages-browser)/./node_modules/next/dist/client/components/react-dev-overlay/app/hot-reloader-client.js:43
[  262151ms] [ERROR] Access to fetch at 'https://dzhtpnskezkrtfinntbi.supabase.co/rest/v1/upsells?select=*%2Ctarget_product%3Aproducts%28*%29&source_product_id=eq.39ddced2-b44f-4f48-a39e-f2d79b1a8246&is_active=eq.true&order=sort_order.asc' from origin 'http://localhost:3001' has been blocked by CORS policy: The 'Access-Control-Allow-Origin' header has a value 'http://localhost:3000' that is not equal to the supplied origin. Have the server send the header with a valid value. @ http://localhost:3001/products/beef-rice-veggies:0
[  262152ms] [ERROR] Failed to load resource: net::ERR_FAILED @ https://dzhtpnskezkrtfinntbi.supabase.co/rest/v1/upsells?select=*%2Ctarget_product%3Aproducts%28*%29&source_product_id=eq.39ddced2-b44f-4f48-a39e-f2d79b1a8246&is_active=eq.true&order=sort_order.asc:0
[  269102ms] [LOG] [Fast Refresh] rebuilding @ webpack-internal:///(app-pages-browser)/./node_modules/next/dist/client/components/react-dev-overlay/app/hot-reloader-client.js:186
[  270193ms] [LOG] [Fast Refresh] done in 1091ms @ webpack-internal:///(app-pages-browser)/./node_modules/next/dist/client/components/react-dev-overlay/app/hot-reloader-client.js:43
[  271164ms] [ERROR] Access to fetch at 'https://dzhtpnskezkrtfinntbi.supabase.co/rest/v1/upsells?select=*%2Ctarget_product%3Aproducts%28*%29&source_product_id=eq.39ddced2-b44f-4f48-a39e-f2d79b1a8246&is_active=eq.true&order=sort_order.asc' from origin 'http://localhost:3001' has been blocked by CORS policy: The 'Access-Control-Allow-Origin' header has a value 'http://localhost:3000' that is not equal to the supplied origin. Have the server send the header with a valid value. @ http://localhost:3001/products/beef-rice-veggies:0
[  271165ms] [ERROR] Failed to load resource: net::ERR_FAILED @ https://dzhtpnskezkrtfinntbi.supabase.co/rest/v1/upsells?select=*%2Ctarget_product%3Aproducts%28*%29&source_product_id=eq.39ddced2-b44f-4f48-a39e-f2d79b1a8246&is_active=eq.true&order=sort_order.asc:0
[  279580ms] [LOG] [Fast Refresh] rebuilding @ webpack-internal:///(app-pages-browser)/./node_modules/next/dist/client/components/react-dev-overlay/app/hot-reloader-client.js:186
[  281123ms] [LOG] [Fast Refresh] done in 1543ms @ webpack-internal:///(app-pages-browser)/./node_modules/next/dist/client/components/react-dev-overlay/app/hot-reloader-client.js:43
[  282105ms] [ERROR] Access to fetch at 'https://dzhtpnskezkrtfinntbi.supabase.co/rest/v1/upsells?select=*%2Ctarget_product%3Aproducts%28*%29&source_product_id=eq.39ddced2-b44f-4f48-a39e-f2d79b1a8246&is_active=eq.true&order=sort_order.asc' from origin 'http://localhost:3001' has been blocked by CORS policy: The 'Access-Control-Allow-Origin' header has a value 'http://localhost:3000' that is not equal to the supplied origin. Have the server send the header with a valid value. @ http://localhost:3001/products/beef-rice-veggies:0
[  282105ms] [ERROR] Failed to load resource: net::ERR_FAILED @ https://dzhtpnskezkrtfinntbi.supabase.co/rest/v1/upsells?select=*%2Ctarget_product%3Aproducts%28*%29&source_product_id=eq.39ddced2-b44f-4f48-a39e-f2d79b1a8246&is_active=eq.true&order=sort_order.asc:0
[  292193ms] [LOG] [Fast Refresh] rebuilding @ webpack-internal:///(app-pages-browser)/./node_modules/next/dist/client/components/react-dev-overlay/app/hot-reloader-client.js:186
[  293296ms] [LOG] [Fast Refresh] done in 1104ms @ webpack-internal:///(app-pages-browser)/./node_modules/next/dist/client/components/react-dev-overlay/app/hot-reloader-client.js:43
[  294281ms] [ERROR] Access to fetch at 'https://dzhtpnskezkrtfinntbi.supabase.co/rest/v1/upsells?select=*%2Ctarget_product%3Aproducts%28*%29&source_product_id=eq.39ddced2-b44f-4f48-a39e-f2d79b1a8246&is_active=eq.true&order=sort_order.asc' from origin 'http://localhost:3001' has been blocked by CORS policy: The 'Access-Control-Allow-Origin' header has a value 'http://localhost:3000' that is not equal to the supplied origin. Have the server send the header with a valid value. @ http://localhost:3001/products/beef-rice-veggies:0
[  294281ms] [ERROR] Failed to load resource: net::ERR_FAILED @ https://dzhtpnskezkrtfinntbi.supabase.co/rest/v1/upsells?select=*%2Ctarget_product%3Aproducts%28*%29&source_product_id=eq.39ddced2-b44f-4f48-a39e-f2d79b1a8246&is_active=eq.true&order=sort_order.asc:0
[  301949ms] [LOG] [Fast Refresh] rebuilding @ webpack-internal:///(app-pages-browser)/./node_modules/next/dist/client/components/react-dev-overlay/app/hot-reloader-client.js:186
[  302732ms] [LOG] [Fast Refresh] done in 782ms @ webpack-internal:///(app-pages-browser)/./node_modules/next/dist/client/components/react-dev-overlay/app/hot-reloader-client.js:43
[  303635ms] [ERROR] Access to fetch at 'https://dzhtpnskezkrtfinntbi.supabase.co/rest/v1/upsells?select=*%2Ctarget_product%3Aproducts%28*%29&source_product_id=eq.39ddced2-b44f-4f48-a39e-f2d79b1a8246&is_active=eq.true&order=sort_order.asc' from origin 'http://localhost:3001' has been blocked by CORS policy: The 'Access-Control-Allow-Origin' header has a value 'http://localhost:3000' that is not equal to the supplied origin. Have the server send the header with a valid value. @ http://localhost:3001/products/beef-rice-veggies:0
[  303635ms] [ERROR] Failed to load resource: net::ERR_FAILED @ https://dzhtpnskezkrtfinntbi.supabase.co/rest/v1/upsells?select=*%2Ctarget_product%3Aproducts%28*%29&source_product_id=eq.39ddced2-b44f-4f48-a39e-f2d79b1a8246&is_active=eq.true&order=sort_order.asc:0
[  309845ms] [LOG] [Fast Refresh] rebuilding @ webpack-internal:///(app-pages-browser)/./node_modules/next/dist/client/components/react-dev-overlay/app/hot-reloader-client.js:186
[  310395ms] [LOG] [Fast Refresh] done in 549ms @ webpack-internal:///(app-pages-browser)/./node_modules/next/dist/client/components/react-dev-overlay/app/hot-reloader-client.js:43
[  311430ms] [ERROR] Access to fetch at 'https://dzhtpnskezkrtfinntbi.supabase.co/rest/v1/upsells?select=*%2Ctarget_product%3Aproducts%28*%29&source_product_id=eq.39ddced2-b44f-4f48-a39e-f2d79b1a8246&is_active=eq.true&order=sort_order.asc' from origin 'http://localhost:3001' has been blocked by CORS policy: The 'Access-Control-Allow-Origin' header has a value 'http://localhost:3000' that is not equal to the supplied origin. Have the server send the header with a valid value. @ http://localhost:3001/products/beef-rice-veggies:0
[  311430ms] [ERROR] Failed to load resource: net::ERR_FAILED @ https://dzhtpnskezkrtfinntbi.supabase.co/rest/v1/upsells?select=*%2Ctarget_product%3Aproducts%28*%29&source_product_id=eq.39ddced2-b44f-4f48-a39e-f2d79b1a8246&is_active=eq.true&order=sort_order.asc:0
[  316188ms] [LOG] [Fast Refresh] rebuilding @ webpack-internal:///(app-pages-browser)/./node_modules/next/dist/client/components/react-dev-overlay/app/hot-reloader-client.js:186
[  316683ms] [LOG] [Fast Refresh] done in 495ms @ webpack-internal:///(app-pages-browser)/./node_modules/next/dist/client/components/react-dev-overlay/app/hot-reloader-client.js:43
[  317597ms] [ERROR] Access to fetch at 'https://dzhtpnskezkrtfinntbi.supabase.co/rest/v1/upsells?select=*%2Ctarget_product%3Aproducts%28*%29&source_product_id=eq.39ddced2-b44f-4f48-a39e-f2d79b1a8246&is_active=eq.true&order=sort_order.asc' from origin 'http://localhost:3001' has been blocked by CORS policy: The 'Access-Control-Allow-Origin' header has a value 'http://localhost:3000' that is not equal to the supplied origin. Have the server send the header with a valid value. @ http://localhost:3001/products/beef-rice-veggies:0
[  317597ms] [ERROR] Failed to load resource: net::ERR_FAILED @ https://dzhtpnskezkrtfinntbi.supabase.co/rest/v1/upsells?select=*%2Ctarget_product%3Aproducts%28*%29&source_product_id=eq.39ddced2-b44f-4f48-a39e-f2d79b1a8246&is_active=eq.true&order=sort_order.asc:0
[  332331ms] [LOG] [Fast Refresh] rebuilding @ webpack-internal:///(app-pages-browser)/./node_modules/next/dist/client/components/react-dev-overlay/app/hot-reloader-client.js:186
[  333537ms] [LOG] [Fast Refresh] done in 1206ms @ webpack-internal:///(app-pages-browser)/./node_modules/next/dist/client/components/react-dev-overlay/app/hot-reloader-client.js:43
[  334652ms] [ERROR] Access to fetch at 'https://dzhtpnskezkrtfinntbi.supabase.co/rest/v1/upsells?select=*%2Ctarget_product%3Aproducts%28*%29&source_product_id=eq.39ddced2-b44f-4f48-a39e-f2d79b1a8246&is_active=eq.true&order=sort_order.asc' from origin 'http://localhost:3001' has been blocked by CORS policy: The 'Access-Control-Allow-Origin' header has a value 'http://localhost:3000' that is not equal to the supplied origin. Have the server send the header with a valid value. @ http://localhost:3001/products/beef-rice-veggies:0
[  334652ms] [ERROR] Failed to load resource: net::ERR_FAILED @ https://dzhtpnskezkrtfinntbi.supabase.co/rest/v1/upsells?select=*%2Ctarget_product%3Aproducts%28*%29&source_product_id=eq.39ddced2-b44f-4f48-a39e-f2d79b1a8246&is_active=eq.true&order=sort_order.asc:0
[  340769ms] [LOG] [Fast Refresh] rebuilding @ webpack-internal:///(app-pages-browser)/./node_modules/next/dist/client/components/react-dev-overlay/app/hot-reloader-client.js:186
[  341795ms] [LOG] [Fast Refresh] done in 1026ms @ webpack-internal:///(app-pages-browser)/./node_modules/next/dist/client/components/react-dev-overlay/app/hot-reloader-client.js:43
[  342747ms] [ERROR] Access to fetch at 'https://dzhtpnskezkrtfinntbi.supabase.co/rest/v1/upsells?select=*%2Ctarget_product%3Aproducts%28*%29&source_product_id=eq.39ddced2-b44f-4f48-a39e-f2d79b1a8246&is_active=eq.true&order=sort_order.asc' from origin 'http://localhost:3001' has been blocked by CORS policy: The 'Access-Control-Allow-Origin' header has a value 'http://localhost:3000' that is not equal to the supplied origin. Have the server send the header with a valid value. @ http://localhost:3001/products/beef-rice-veggies:0
[  342747ms] [ERROR] Failed to load resource: net::ERR_FAILED @ https://dzhtpnskezkrtfinntbi.supabase.co/rest/v1/upsells?select=*%2Ctarget_product%3Aproducts%28*%29&source_product_id=eq.39ddced2-b44f-4f48-a39e-f2d79b1a8246&is_active=eq.true&order=sort_order.asc:0
[  357325ms] [LOG] [Fast Refresh] rebuilding @ webpack-internal:///(app-pages-browser)/./node_modules/next/dist/client/components/react-dev-overlay/app/hot-reloader-client.js:186
[  358114ms] [LOG] [Fast Refresh] done in 789ms @ webpack-internal:///(app-pages-browser)/./node_modules/next/dist/client/components/react-dev-overlay/app/hot-reloader-client.js:43
[  359206ms] [ERROR] Access to fetch at 'https://dzhtpnskezkrtfinntbi.supabase.co/rest/v1/upsells?select=*%2Ctarget_product%3Aproducts%28*%29&source_product_id=eq.39ddced2-b44f-4f48-a39e-f2d79b1a8246&is_active=eq.true&order=sort_order.asc' from origin 'http://localhost:3001' has been blocked by CORS policy: The 'Access-Control-Allow-Origin' header has a value 'http://localhost:3000' that is not equal to the supplied origin. Have the server send the header with a valid value. @ http://localhost:3001/products/beef-rice-veggies:0
[  359206ms] [ERROR] Failed to load resource: net::ERR_FAILED @ https://dzhtpnskezkrtfinntbi.supabase.co/rest/v1/upsells?select=*%2Ctarget_product%3Aproducts%28*%29&source_product_id=eq.39ddced2-b44f-4f48-a39e-f2d79b1a8246&is_active=eq.true&order=sort_order.asc:0
[  370863ms] [LOG] [Fast Refresh] rebuilding @ webpack-internal:///(app-pages-browser)/./node_modules/next/dist/client/components/react-dev-overlay/app/hot-reloader-client.js:186
[  371990ms] [LOG] [Fast Refresh] done in 1126ms @ webpack-internal:///(app-pages-browser)/./node_modules/next/dist/client/components/react-dev-overlay/app/hot-reloader-client.js:43
[  372898ms] [ERROR] Access to fetch at 'https://dzhtpnskezkrtfinntbi.supabase.co/rest/v1/upsells?select=*%2Ctarget_product%3Aproducts%28*%29&source_product_id=eq.39ddced2-b44f-4f48-a39e-f2d79b1a8246&is_active=eq.true&order=sort_order.asc' from origin 'http://localhost:3001' has been blocked by CORS policy: The 'Access-Control-Allow-Origin' header has a value 'http://localhost:3000' that is not equal to the supplied origin. Have the server send the header with a valid value. @ http://localhost:3001/products/beef-rice-veggies:0
[  372898ms] [ERROR] Failed to load resource: net::ERR_FAILED @ https://dzhtpnskezkrtfinntbi.supabase.co/rest/v1/upsells?select=*%2Ctarget_product%3Aproducts%28*%29&source_product_id=eq.39ddced2-b44f-4f48-a39e-f2d79b1a8246&is_active=eq.true&order=sort_order.asc:0
[  378488ms] [LOG] [Fast Refresh] rebuilding @ webpack-internal:///(app-pages-browser)/./node_modules/next/dist/client/components/react-dev-overlay/app/hot-reloader-client.js:186
[  379218ms] [LOG] [Fast Refresh] done in 730ms @ webpack-internal:///(app-pages-browser)/./node_modules/next/dist/client/components/react-dev-overlay/app/hot-reloader-client.js:43
[  380354ms] [ERROR] Access to fetch at 'https://dzhtpnskezkrtfinntbi.supabase.co/rest/v1/upsells?select=*%2Ctarget_product%3Aproducts%28*%29&source_product_id=eq.39ddced2-b44f-4f48-a39e-f2d79b1a8246&is_active=eq.true&order=sort_order.asc' from origin 'http://localhost:3001' has been blocked by CORS policy: The 'Access-Control-Allow-Origin' header has a value 'http://localhost:3000' that is not equal to the supplied origin. Have the server send the header with a valid value. @ http://localhost:3001/products/beef-rice-veggies:0
[  380354ms] [ERROR] Failed to load resource: net::ERR_FAILED @ https://dzhtpnskezkrtfinntbi.supabase.co/rest/v1/upsells?select=*%2Ctarget_product%3Aproducts%28*%29&source_product_id=eq.39ddced2-b44f-4f48-a39e-f2d79b1a8246&is_active=eq.true&order=sort_order.asc:0
[  385946ms] [LOG] [Fast Refresh] rebuilding @ webpack-internal:///(app-pages-browser)/./node_modules/next/dist/client/components/react-dev-overlay/app/hot-reloader-client.js:186
[  387010ms] [LOG] [Fast Refresh] done in 1065ms @ webpack-internal:///(app-pages-browser)/./node_modules/next/dist/client/components/react-dev-overlay/app/hot-reloader-client.js:43
[  387886ms] [ERROR] Access to fetch at 'https://dzhtpnskezkrtfinntbi.supabase.co/rest/v1/upsells?select=*%2Ctarget_product%3Aproducts%28*%29&source_product_id=eq.39ddced2-b44f-4f48-a39e-f2d79b1a8246&is_active=eq.true&order=sort_order.asc' from origin 'http://localhost:3001' has been blocked by CORS policy: The 'Access-Control-Allow-Origin' header has a value 'http://localhost:3000' that is not equal to the supplied origin. Have the server send the header with a valid value. @ http://localhost:3001/products/beef-rice-veggies:0
[  387886ms] [ERROR] Failed to load resource: net::ERR_FAILED @ https://dzhtpnskezkrtfinntbi.supabase.co/rest/v1/upsells?select=*%2Ctarget_product%3Aproducts%28*%29&source_product_id=eq.39ddced2-b44f-4f48-a39e-f2d79b1a8246&is_active=eq.true&order=sort_order.asc:0
[  392864ms] [LOG] [Fast Refresh] rebuilding @ webpack-internal:///(app-pages-browser)/./node_modules/next/dist/client/components/react-dev-overlay/app/hot-reloader-client.js:186
[  393470ms] [LOG] [Fast Refresh] done in 605ms @ webpack-internal:///(app-pages-browser)/./node_modules/next/dist/client/components/react-dev-overlay/app/hot-reloader-client.js:43
[  394647ms] [ERROR] Access to fetch at 'https://dzhtpnskezkrtfinntbi.supabase.co/rest/v1/upsells?select=*%2Ctarget_product%3Aproducts%28*%29&source_product_id=eq.39ddced2-b44f-4f48-a39e-f2d79b1a8246&is_active=eq.true&order=sort_order.asc' from origin 'http://localhost:3001' has been blocked by CORS policy: The 'Access-Control-Allow-Origin' header has a value 'http://localhost:3000' that is not equal to the supplied origin. Have the server send the header with a valid value. @ http://localhost:3001/products/beef-rice-veggies:0
[  394647ms] [ERROR] Failed to load resource: net::ERR_FAILED @ https://dzhtpnskezkrtfinntbi.supabase.co/rest/v1/upsells?select=*%2Ctarget_product%3Aproducts%28*%29&source_product_id=eq.39ddced2-b44f-4f48-a39e-f2d79b1a8246&is_active=eq.true&order=sort_order.asc:0
[  413761ms] [LOG] [Fast Refresh] rebuilding @ webpack-internal:///(app-pages-browser)/./node_modules/next/dist/client/components/react-dev-overlay/app/hot-reloader-client.js:186
[  414624ms] [LOG] [Fast Refresh] done in 863ms @ webpack-internal:///(app-pages-browser)/./node_modules/next/dist/client/components/react-dev-overlay/app/hot-reloader-client.js:43
[  415927ms] [ERROR] Access to fetch at 'https://dzhtpnskezkrtfinntbi.supabase.co/rest/v1/upsells?select=*%2Ctarget_product%3Aproducts%28*%29&source_product_id=eq.39ddced2-b44f-4f48-a39e-f2d79b1a8246&is_active=eq.true&order=sort_order.asc' from origin 'http://localhost:3001' has been blocked by CORS policy: The 'Access-Control-Allow-Origin' header has a value 'http://localhost:3000' that is not equal to the supplied origin. Have the server send the header with a valid value. @ http://localhost:3001/products/beef-rice-veggies:0
[  415927ms] [ERROR] Failed to load resource: net::ERR_FAILED @ https://dzhtpnskezkrtfinntbi.supabase.co/rest/v1/upsells?select=*%2Ctarget_product%3Aproducts%28*%29&source_product_id=eq.39ddced2-b44f-4f48-a39e-f2d79b1a8246&is_active=eq.true&order=sort_order.asc:0
[  437354ms] [LOG] [Fast Refresh] rebuilding @ webpack-internal:///(app-pages-browser)/./node_modules/next/dist/client/components/react-dev-overlay/app/hot-reloader-client.js:186
[  438140ms] [LOG] [Fast Refresh] done in 785ms @ webpack-internal:///(app-pages-browser)/./node_modules/next/dist/client/components/react-dev-overlay/app/hot-reloader-client.js:43
[  439328ms] [ERROR] Access to fetch at 'https://dzhtpnskezkrtfinntbi.supabase.co/rest/v1/upsells?select=*%2Ctarget_product%3Aproducts%28*%29&source_product_id=eq.39ddced2-b44f-4f48-a39e-f2d79b1a8246&is_active=eq.true&order=sort_order.asc' from origin 'http://localhost:3001' has been blocked by CORS policy: The 'Access-Control-Allow-Origin' header has a value 'http://localhost:3000' that is not equal to the supplied origin. Have the server send the header with a valid value. @ http://localhost:3001/products/beef-rice-veggies:0
[  439329ms] [ERROR] Failed to load resource: net::ERR_FAILED @ https://dzhtpnskezkrtfinntbi.supabase.co/rest/v1/upsells?select=*%2Ctarget_product%3Aproducts%28*%29&source_product_id=eq.39ddced2-b44f-4f48-a39e-f2d79b1a8246&is_active=eq.true&order=sort_order.asc:0
[  449989ms] [LOG] [Fast Refresh] rebuilding @ webpack-internal:///(app-pages-browser)/./node_modules/next/dist/client/components/react-dev-overlay/app/hot-reloader-client.js:186
[  450684ms] [LOG] [Fast Refresh] done in 695ms @ webpack-internal:///(app-pages-browser)/./node_modules/next/dist/client/components/react-dev-overlay/app/hot-reloader-client.js:43
[  451961ms] [ERROR] Access to fetch at 'https://dzhtpnskezkrtfinntbi.supabase.co/rest/v1/upsells?select=*%2Ctarget_product%3Aproducts%28*%29&source_product_id=eq.39ddced2-b44f-4f48-a39e-f2d79b1a8246&is_active=eq.true&order=sort_order.asc' from origin 'http://localhost:3001' has been blocked by CORS policy: The 'Access-Control-Allow-Origin' header has a value 'http://localhost:3000' that is not equal to the supplied origin. Have the server send the header with a valid value. @ http://localhost:3001/products/beef-rice-veggies:0
[  451961ms] [ERROR] Failed to load resource: net::ERR_FAILED @ https://dzhtpnskezkrtfinntbi.supabase.co/rest/v1/upsells?select=*%2Ctarget_product%3Aproducts%28*%29&source_product_id=eq.39ddced2-b44f-4f48-a39e-f2d79b1a8246&is_active=eq.true&order=sort_order.asc:0
