[    2355ms] Error: Minified React error #418; visit https://react.dev/errors/418 for the full message or use the non-minified dev environment for full errors and additional helpful warnings.
    at t5 (https://www.jeko.am/_next/static/chunks/fd9d1056-054f99537c6d1676.js?dpl=dpl_E5iTgJZdbaKjKAAEH26tgdEaHZ39:1:24671)
    at iZ (https://www.jeko.am/_next/static/chunks/fd9d1056-054f99537c6d1676.js?dpl=dpl_E5iTgJZdbaKjKAAEH26tgdEaHZ39:1:120536)
    at ia (https://www.jeko.am/_next/static/chunks/fd9d1056-054f99537c6d1676.js?dpl=dpl_E5iTgJZdbaKjKAAEH26tgdEaHZ39:1:95163)
    at https://www.jeko.am/_next/static/chunks/fd9d1056-054f99537c6d1676.js?dpl=dpl_E5iTgJZdbaKjKAAEH26tgdEaHZ39:1:91089
    at https://www.jeko.am/_next/static/chunks/fd9d1056-054f99537c6d1676.js?dpl=dpl_E5iTgJZdbaKjKAAEH26tgdEaHZ39:1:91096
    at oZ (https://www.jeko.am/_next/static/chunks/fd9d1056-054f99537c6d1676.js?dpl=dpl_E5iTgJZdbaKjKAAEH26tgdEaHZ39:1:91201)
    at MessagePort.T (https://www.jeko.am/_next/static/chunks/2117-f8d21d69427dd651.js?dpl=dpl_E5iTgJZdbaKjKAAEH26tgdEaHZ39:1:85205)
[    2358ms] Error: Minified React error #418; visit https://react.dev/errors/418 for the full message or use the non-minified dev environment for full errors and additional helpful warnings.
    at t5 (https://www.jeko.am/_next/static/chunks/fd9d1056-054f99537c6d1676.js?dpl=dpl_E5iTgJZdbaKjKAAEH26tgdEaHZ39:1:24671)
    at iZ (https://www.jeko.am/_next/static/chunks/fd9d1056-054f99537c6d1676.js?dpl=dpl_E5iTgJZdbaKjKAAEH26tgdEaHZ39:1:120536)
    at ia (https://www.jeko.am/_next/static/chunks/fd9d1056-054f99537c6d1676.js?dpl=dpl_E5iTgJZdbaKjKAAEH26tgdEaHZ39:1:95163)
    at https://www.jeko.am/_next/static/chunks/fd9d1056-054f99537c6d1676.js?dpl=dpl_E5iTgJZdbaKjKAAEH26tgdEaHZ39:1:91089
    at https://www.jeko.am/_next/static/chunks/fd9d1056-054f99537c6d1676.js?dpl=dpl_E5iTgJZdbaKjKAAEH26tgdEaHZ39:1:91096
    at oZ (https://www.jeko.am/_next/static/chunks/fd9d1056-054f99537c6d1676.js?dpl=dpl_E5iTgJZdbaKjKAAEH26tgdEaHZ39:1:91201)
    at MessagePort.T (https://www.jeko.am/_next/static/chunks/2117-f8d21d69427dd651.js?dpl=dpl_E5iTgJZdbaKjKAAEH26tgdEaHZ39:1:85205)
[    2359ms] Error: Minified React error #418; visit https://react.dev/errors/418 for the full message or use the non-minified dev environment for full errors and additional helpful warnings.
    at t5 (https://www.jeko.am/_next/static/chunks/fd9d1056-054f99537c6d1676.js?dpl=dpl_E5iTgJZdbaKjKAAEH26tgdEaHZ39:1:24671)
    at iZ (https://www.jeko.am/_next/static/chunks/fd9d1056-054f99537c6d1676.js?dpl=dpl_E5iTgJZdbaKjKAAEH26tgdEaHZ39:1:120536)
    at ia (https://www.jeko.am/_next/static/chunks/fd9d1056-054f99537c6d1676.js?dpl=dpl_E5iTgJZdbaKjKAAEH26tgdEaHZ39:1:95163)
    at https://www.jeko.am/_next/static/chunks/fd9d1056-054f99537c6d1676.js?dpl=dpl_E5iTgJZdbaKjKAAEH26tgdEaHZ39:1:91089
    at https://www.jeko.am/_next/static/chunks/fd9d1056-054f99537c6d1676.js?dpl=dpl_E5iTgJZdbaKjKAAEH26tgdEaHZ39:1:91096
    at oZ (https://www.jeko.am/_next/static/chunks/fd9d1056-054f99537c6d1676.js?dpl=dpl_E5iTgJZdbaKjKAAEH26tgdEaHZ39:1:91201)
    at MessagePort.T (https://www.jeko.am/_next/static/chunks/2117-f8d21d69427dd651.js?dpl=dpl_E5iTgJZdbaKjKAAEH26tgdEaHZ39:1:85205)
[    2360ms] Error: Minified React error #418; visit https://react.dev/errors/418 for the full message or use the non-minified dev environment for full errors and additional helpful warnings.
    at t5 (https://www.jeko.am/_next/static/chunks/fd9d1056-054f99537c6d1676.js?dpl=dpl_E5iTgJZdbaKjKAAEH26tgdEaHZ39:1:24671)
    at iZ (https://www.jeko.am/_next/static/chunks/fd9d1056-054f99537c6d1676.js?dpl=dpl_E5iTgJZdbaKjKAAEH26tgdEaHZ39:1:120536)
    at ia (https://www.jeko.am/_next/static/chunks/fd9d1056-054f99537c6d1676.js?dpl=dpl_E5iTgJZdbaKjKAAEH26tgdEaHZ39:1:95163)
    at https://www.jeko.am/_next/static/chunks/fd9d1056-054f99537c6d1676.js?dpl=dpl_E5iTgJZdbaKjKAAEH26tgdEaHZ39:1:91089
    at https://www.jeko.am/_next/static/chunks/fd9d1056-054f99537c6d1676.js?dpl=dpl_E5iTgJZdbaKjKAAEH26tgdEaHZ39:1:91096
    at oZ (https://www.jeko.am/_next/static/chunks/fd9d1056-054f99537c6d1676.js?dpl=dpl_E5iTgJZdbaKjKAAEH26tgdEaHZ39:1:91201)
    at MessagePort.T (https://www.jeko.am/_next/static/chunks/2117-f8d21d69427dd651.js?dpl=dpl_E5iTgJZdbaKjKAAEH26tgdEaHZ39:1:85205)
[    2362ms] Error: Minified React error #418; visit https://react.dev/errors/418 for the full message or use the non-minified dev environment for full errors and additional helpful warnings.
    at t5 (https://www.jeko.am/_next/static/chunks/fd9d1056-054f99537c6d1676.js?dpl=dpl_E5iTgJZdbaKjKAAEH26tgdEaHZ39:1:24671)
    at iZ (https://www.jeko.am/_next/static/chunks/fd9d1056-054f99537c6d1676.js?dpl=dpl_E5iTgJZdbaKjKAAEH26tgdEaHZ39:1:120612)
    at ia (https://www.jeko.am/_next/static/chunks/fd9d1056-054f99537c6d1676.js?dpl=dpl_E5iTgJZdbaKjKAAEH26tgdEaHZ39:1:95163)
    at https://www.jeko.am/_next/static/chunks/fd9d1056-054f99537c6d1676.js?dpl=dpl_E5iTgJZdbaKjKAAEH26tgdEaHZ39:1:91089
    at https://www.jeko.am/_next/static/chunks/fd9d1056-054f99537c6d1676.js?dpl=dpl_E5iTgJZdbaKjKAAEH26tgdEaHZ39:1:91096
    at oZ (https://www.jeko.am/_next/static/chunks/fd9d1056-054f99537c6d1676.js?dpl=dpl_E5iTgJZdbaKjKAAEH26tgdEaHZ39:1:91201)
    at MessagePort.T (https://www.jeko.am/_next/static/chunks/2117-f8d21d69427dd651.js?dpl=dpl_E5iTgJZdbaKjKAAEH26tgdEaHZ39:1:85205)
[    2362ms] Error: Minified React error #423; visit https://react.dev/errors/423 for the full message or use the non-minified dev environment for full errors and additional helpful warnings.
    at iZ (https://www.jeko.am/_next/static/chunks/fd9d1056-054f99537c6d1676.js?dpl=dpl_E5iTgJZdbaKjKAAEH26tgdEaHZ39:1:118350)
    at ia (https://www.jeko.am/_next/static/chunks/fd9d1056-054f99537c6d1676.js?dpl=dpl_E5iTgJZdbaKjKAAEH26tgdEaHZ39:1:95163)
    at https://www.jeko.am/_next/static/chunks/fd9d1056-054f99537c6d1676.js?dpl=dpl_E5iTgJZdbaKjKAAEH26tgdEaHZ39:1:94985
    at il (https://www.jeko.am/_next/static/chunks/fd9d1056-054f99537c6d1676.js?dpl=dpl_E5iTgJZdbaKjKAAEH26tgdEaHZ39:1:94992)
    at oJ (https://www.jeko.am/_next/static/chunks/fd9d1056-054f99537c6d1676.js?dpl=dpl_E5iTgJZdbaKjKAAEH26tgdEaHZ39:1:92348)
    at oZ (https://www.jeko.am/_next/static/chunks/fd9d1056-054f99537c6d1676.js?dpl=dpl_E5iTgJZdbaKjKAAEH26tgdEaHZ39:1:91767)
    at MessagePort.T (https://www.jeko.am/_next/static/chunks/2117-f8d21d69427dd651.js?dpl=dpl_E5iTgJZdbaKjKAAEH26tgdEaHZ39:1:85205)
[    4215ms] [ERROR] Access to XMLHttpRequest at 'https://translate-pa.googleapis.com/v1/translateHtml' from origin 'https://www.jeko.am' has been blocked by CORS policy: No 'Access-Control-Allow-Origin' header is present on the requested resource. @ https://www.jeko.am/:0
[    4216ms] [ERROR] Failed to load resource: net::ERR_FAILED @ https://translate-pa.googleapis.com/v1/translateHtml:0
[    4450ms] Uncaught (in promise) Error: Vd
    at <anonymous> (https://translate.googleapis.com/_/translate_http/_/js/k=translate_http.tr.en_GB.hRfMR5sWj7c.O/am=AAAAAQ/d=1/exm=el_conf/ed=1/rs=AN8SPfqKXkgzP5JFE1kHxAvsz7JlkUp57A/m=el_main:753:126)
    at Vi (https://translate.googleapis.com/_/translate_http/_/js/k=translate_http.tr.en_GB.hRfMR5sWj7c.O/am=AAAAAQ/d=1/exm=el_conf/ed=1/rs=AN8SPfqKXkgzP5JFE1kHxAvsz7JlkUp57A/m=el_main:32:39)
    at throw (https://translate.googleapis.com/_/translate_http/_/js/k=translate_http.tr.en_GB.hRfMR5sWj7c.O/am=AAAAAQ/d=1/exm=el_conf/ed=1/rs=AN8SPfqKXkgzP5JFE1kHxAvsz7JlkUp57A/m=el_main:33:190)
    at c (https://translate.googleapis.com/_/translate_http/_/js/k=translate_http.tr.en_GB.hRfMR5sWj7c.O/am=AAAAAQ/d=1/exm=el_conf/ed=1/rs=AN8SPfqKXkgzP5JFE1kHxAvsz7JlkUp57A/m=el_main:33:368)
