[    2094ms] Error: Minified React error #418; visit https://react.dev/errors/418 for the full message or use the non-minified dev environment for full errors and additional helpful warnings.
    at t5 (https://www.jeko.am/_next/static/chunks/fd9d1056-054f99537c6d1676.js?dpl=dpl_E5iTgJZdbaKjKAAEH26tgdEaHZ39:1:24671)
    at iZ (https://www.jeko.am/_next/static/chunks/fd9d1056-054f99537c6d1676.js?dpl=dpl_E5iTgJZdbaKjKAAEH26tgdEaHZ39:1:120536)
    at ia (https://www.jeko.am/_next/static/chunks/fd9d1056-054f99537c6d1676.js?dpl=dpl_E5iTgJZdbaKjKAAEH26tgdEaHZ39:1:95163)
    at https://www.jeko.am/_next/static/chunks/fd9d1056-054f99537c6d1676.js?dpl=dpl_E5iTgJZdbaKjKAAEH26tgdEaHZ39:1:91089
    at https://www.jeko.am/_next/static/chunks/fd9d1056-054f99537c6d1676.js?dpl=dpl_E5iTgJZdbaKjKAAEH26tgdEaHZ39:1:91096
    at oZ (https://www.jeko.am/_next/static/chunks/fd9d1056-054f99537c6d1676.js?dpl=dpl_E5iTgJZdbaKjKAAEH26tgdEaHZ39:1:91201)
    at MessagePort.T (https://www.jeko.am/_next/static/chunks/2117-f8d21d69427dd651.js?dpl=dpl_E5iTgJZdbaKjKAAEH26tgdEaHZ39:1:85205)
[    2258ms] Error: Minified React error #418; visit https://react.dev/errors/418 for the full message or use the non-minified dev environment for full errors and additional helpful warnings.
    at t5 (https://www.jeko.am/_next/static/chunks/fd9d1056-054f99537c6d1676.js?dpl=dpl_E5iTgJZdbaKjKAAEH26tgdEaHZ39:1:24671)
    at iZ (https://www.jeko.am/_next/static/chunks/fd9d1056-054f99537c6d1676.js?dpl=dpl_E5iTgJZdbaKjKAAEH26tgdEaHZ39:1:120536)
    at ia (https://www.jeko.am/_next/static/chunks/fd9d1056-054f99537c6d1676.js?dpl=dpl_E5iTgJZdbaKjKAAEH26tgdEaHZ39:1:95163)
    at https://www.jeko.am/_next/static/chunks/fd9d1056-054f99537c6d1676.js?dpl=dpl_E5iTgJZdbaKjKAAEH26tgdEaHZ39:1:91089
    at https://www.jeko.am/_next/static/chunks/fd9d1056-054f99537c6d1676.js?dpl=dpl_E5iTgJZdbaKjKAAEH26tgdEaHZ39:1:91096
    at oZ (https://www.jeko.am/_next/static/chunks/fd9d1056-054f99537c6d1676.js?dpl=dpl_E5iTgJZdbaKjKAAEH26tgdEaHZ39:1:91201)
    at MessagePort.T (https://www.jeko.am/_next/static/chunks/2117-f8d21d69427dd651.js?dpl=dpl_E5iTgJZdbaKjKAAEH26tgdEaHZ39:1:85205)
[    2261ms] Error: Minified React error #418; visit https://react.dev/errors/418 for the full message or use the non-minified dev environment for full errors and additional helpful warnings.
    at t5 (https://www.jeko.am/_next/static/chunks/fd9d1056-054f99537c6d1676.js?dpl=dpl_E5iTgJZdbaKjKAAEH26tgdEaHZ39:1:24671)
    at iZ (https://www.jeko.am/_next/static/chunks/fd9d1056-054f99537c6d1676.js?dpl=dpl_E5iTgJZdbaKjKAAEH26tgdEaHZ39:1:120536)
    at ia (https://www.jeko.am/_next/static/chunks/fd9d1056-054f99537c6d1676.js?dpl=dpl_E5iTgJZdbaKjKAAEH26tgdEaHZ39:1:95163)
    at https://www.jeko.am/_next/static/chunks/fd9d1056-054f99537c6d1676.js?dpl=dpl_E5iTgJZdbaKjKAAEH26tgdEaHZ39:1:91089
    at https://www.jeko.am/_next/static/chunks/fd9d1056-054f99537c6d1676.js?dpl=dpl_E5iTgJZdbaKjKAAEH26tgdEaHZ39:1:91096
    at oZ (https://www.jeko.am/_next/static/chunks/fd9d1056-054f99537c6d1676.js?dpl=dpl_E5iTgJZdbaKjKAAEH26tgdEaHZ39:1:91201)
    at MessagePort.T (https://www.jeko.am/_next/static/chunks/2117-f8d21d69427dd651.js?dpl=dpl_E5iTgJZdbaKjKAAEH26tgdEaHZ39:1:85205)
[    2264ms] Error: Minified React error #418; visit https://react.dev/errors/418 for the full message or use the non-minified dev environment for full errors and additional helpful warnings.
    at t5 (https://www.jeko.am/_next/static/chunks/fd9d1056-054f99537c6d1676.js?dpl=dpl_E5iTgJZdbaKjKAAEH26tgdEaHZ39:1:24671)
    at iZ (https://www.jeko.am/_next/static/chunks/fd9d1056-054f99537c6d1676.js?dpl=dpl_E5iTgJZdbaKjKAAEH26tgdEaHZ39:1:120536)
    at ia (https://www.jeko.am/_next/static/chunks/fd9d1056-054f99537c6d1676.js?dpl=dpl_E5iTgJZdbaKjKAAEH26tgdEaHZ39:1:95163)
    at https://www.jeko.am/_next/static/chunks/fd9d1056-054f99537c6d1676.js?dpl=dpl_E5iTgJZdbaKjKAAEH26tgdEaHZ39:1:91089
    at https://www.jeko.am/_next/static/chunks/fd9d1056-054f99537c6d1676.js?dpl=dpl_E5iTgJZdbaKjKAAEH26tgdEaHZ39:1:91096
    at oZ (https://www.jeko.am/_next/static/chunks/fd9d1056-054f99537c6d1676.js?dpl=dpl_E5iTgJZdbaKjKAAEH26tgdEaHZ39:1:91201)
    at MessagePort.T (https://www.jeko.am/_next/static/chunks/2117-f8d21d69427dd651.js?dpl=dpl_E5iTgJZdbaKjKAAEH26tgdEaHZ39:1:85205)
[    2266ms] Error: Minified React error #418; visit https://react.dev/errors/418 for the full message or use the non-minified dev environment for full errors and additional helpful warnings.
    at t5 (https://www.jeko.am/_next/static/chunks/fd9d1056-054f99537c6d1676.js?dpl=dpl_E5iTgJZdbaKjKAAEH26tgdEaHZ39:1:24671)
    at iZ (https://www.jeko.am/_next/static/chunks/fd9d1056-054f99537c6d1676.js?dpl=dpl_E5iTgJZdbaKjKAAEH26tgdEaHZ39:1:120612)
    at ia (https://www.jeko.am/_next/static/chunks/fd9d1056-054f99537c6d1676.js?dpl=dpl_E5iTgJZdbaKjKAAEH26tgdEaHZ39:1:95163)
    at https://www.jeko.am/_next/static/chunks/fd9d1056-054f99537c6d1676.js?dpl=dpl_E5iTgJZdbaKjKAAEH26tgdEaHZ39:1:91089
    at https://www.jeko.am/_next/static/chunks/fd9d1056-054f99537c6d1676.js?dpl=dpl_E5iTgJZdbaKjKAAEH26tgdEaHZ39:1:91096
    at oZ (https://www.jeko.am/_next/static/chunks/fd9d1056-054f99537c6d1676.js?dpl=dpl_E5iTgJZdbaKjKAAEH26tgdEaHZ39:1:91201)
    at MessagePort.T (https://www.jeko.am/_next/static/chunks/2117-f8d21d69427dd651.js?dpl=dpl_E5iTgJZdbaKjKAAEH26tgdEaHZ39:1:85205)
[    2270ms] Error: Minified React error #423; visit https://react.dev/errors/423 for the full message or use the non-minified dev environment for full errors and additional helpful warnings.
    at iZ (https://www.jeko.am/_next/static/chunks/fd9d1056-054f99537c6d1676.js?dpl=dpl_E5iTgJZdbaKjKAAEH26tgdEaHZ39:1:118350)
    at ia (https://www.jeko.am/_next/static/chunks/fd9d1056-054f99537c6d1676.js?dpl=dpl_E5iTgJZdbaKjKAAEH26tgdEaHZ39:1:95163)
    at https://www.jeko.am/_next/static/chunks/fd9d1056-054f99537c6d1676.js?dpl=dpl_E5iTgJZdbaKjKAAEH26tgdEaHZ39:1:94985
    at il (https://www.jeko.am/_next/static/chunks/fd9d1056-054f99537c6d1676.js?dpl=dpl_E5iTgJZdbaKjKAAEH26tgdEaHZ39:1:94992)
    at oJ (https://www.jeko.am/_next/static/chunks/fd9d1056-054f99537c6d1676.js?dpl=dpl_E5iTgJZdbaKjKAAEH26tgdEaHZ39:1:92348)
    at oZ (https://www.jeko.am/_next/static/chunks/fd9d1056-054f99537c6d1676.js?dpl=dpl_E5iTgJZdbaKjKAAEH26tgdEaHZ39:1:91767)
    at MessagePort.T (https://www.jeko.am/_next/static/chunks/2117-f8d21d69427dd651.js?dpl=dpl_E5iTgJZdbaKjKAAEH26tgdEaHZ39:1:85205)
[   38468ms] Error: Minified React error #418; visit https://react.dev/errors/418 for the full message or use the non-minified dev environment for full errors and additional helpful warnings.
    at t5 (https://www.jeko.am/_next/static/chunks/fd9d1056-054f99537c6d1676.js?dpl=dpl_E5iTgJZdbaKjKAAEH26tgdEaHZ39:1:24671)
    at iZ (https://www.jeko.am/_next/static/chunks/fd9d1056-054f99537c6d1676.js?dpl=dpl_E5iTgJZdbaKjKAAEH26tgdEaHZ39:1:120536)
    at ia (https://www.jeko.am/_next/static/chunks/fd9d1056-054f99537c6d1676.js?dpl=dpl_E5iTgJZdbaKjKAAEH26tgdEaHZ39:1:95163)
    at https://www.jeko.am/_next/static/chunks/fd9d1056-054f99537c6d1676.js?dpl=dpl_E5iTgJZdbaKjKAAEH26tgdEaHZ39:1:91089
    at https://www.jeko.am/_next/static/chunks/fd9d1056-054f99537c6d1676.js?dpl=dpl_E5iTgJZdbaKjKAAEH26tgdEaHZ39:1:91096
    at oZ (https://www.jeko.am/_next/static/chunks/fd9d1056-054f99537c6d1676.js?dpl=dpl_E5iTgJZdbaKjKAAEH26tgdEaHZ39:1:91201)
    at MessagePort.T (https://www.jeko.am/_next/static/chunks/2117-f8d21d69427dd651.js?dpl=dpl_E5iTgJZdbaKjKAAEH26tgdEaHZ39:1:85205)
[   38469ms] Error: Minified React error #418; visit https://react.dev/errors/418 for the full message or use the non-minified dev environment for full errors and additional helpful warnings.
    at t5 (https://www.jeko.am/_next/static/chunks/fd9d1056-054f99537c6d1676.js?dpl=dpl_E5iTgJZdbaKjKAAEH26tgdEaHZ39:1:24671)
    at iZ (https://www.jeko.am/_next/static/chunks/fd9d1056-054f99537c6d1676.js?dpl=dpl_E5iTgJZdbaKjKAAEH26tgdEaHZ39:1:120536)
    at ia (https://www.jeko.am/_next/static/chunks/fd9d1056-054f99537c6d1676.js?dpl=dpl_E5iTgJZdbaKjKAAEH26tgdEaHZ39:1:95163)
    at https://www.jeko.am/_next/static/chunks/fd9d1056-054f99537c6d1676.js?dpl=dpl_E5iTgJZdbaKjKAAEH26tgdEaHZ39:1:91089
    at https://www.jeko.am/_next/static/chunks/fd9d1056-054f99537c6d1676.js?dpl=dpl_E5iTgJZdbaKjKAAEH26tgdEaHZ39:1:91096
    at oZ (https://www.jeko.am/_next/static/chunks/fd9d1056-054f99537c6d1676.js?dpl=dpl_E5iTgJZdbaKjKAAEH26tgdEaHZ39:1:91201)
    at MessagePort.T (https://www.jeko.am/_next/static/chunks/2117-f8d21d69427dd651.js?dpl=dpl_E5iTgJZdbaKjKAAEH26tgdEaHZ39:1:85205)
[   38469ms] Error: Minified React error #418; visit https://react.dev/errors/418 for the full message or use the non-minified dev environment for full errors and additional helpful warnings.
    at t5 (https://www.jeko.am/_next/static/chunks/fd9d1056-054f99537c6d1676.js?dpl=dpl_E5iTgJZdbaKjKAAEH26tgdEaHZ39:1:24671)
    at iZ (https://www.jeko.am/_next/static/chunks/fd9d1056-054f99537c6d1676.js?dpl=dpl_E5iTgJZdbaKjKAAEH26tgdEaHZ39:1:120536)
    at ia (https://www.jeko.am/_next/static/chunks/fd9d1056-054f99537c6d1676.js?dpl=dpl_E5iTgJZdbaKjKAAEH26tgdEaHZ39:1:95163)
    at https://www.jeko.am/_next/static/chunks/fd9d1056-054f99537c6d1676.js?dpl=dpl_E5iTgJZdbaKjKAAEH26tgdEaHZ39:1:91089
    at https://www.jeko.am/_next/static/chunks/fd9d1056-054f99537c6d1676.js?dpl=dpl_E5iTgJZdbaKjKAAEH26tgdEaHZ39:1:91096
    at oZ (https://www.jeko.am/_next/static/chunks/fd9d1056-054f99537c6d1676.js?dpl=dpl_E5iTgJZdbaKjKAAEH26tgdEaHZ39:1:91201)
    at MessagePort.T (https://www.jeko.am/_next/static/chunks/2117-f8d21d69427dd651.js?dpl=dpl_E5iTgJZdbaKjKAAEH26tgdEaHZ39:1:85205)
[   38470ms] Error: Minified React error #418; visit https://react.dev/errors/418 for the full message or use the non-minified dev environment for full errors and additional helpful warnings.
    at t5 (https://www.jeko.am/_next/static/chunks/fd9d1056-054f99537c6d1676.js?dpl=dpl_E5iTgJZdbaKjKAAEH26tgdEaHZ39:1:24671)
    at iZ (https://www.jeko.am/_next/static/chunks/fd9d1056-054f99537c6d1676.js?dpl=dpl_E5iTgJZdbaKjKAAEH26tgdEaHZ39:1:120536)
    at ia (https://www.jeko.am/_next/static/chunks/fd9d1056-054f99537c6d1676.js?dpl=dpl_E5iTgJZdbaKjKAAEH26tgdEaHZ39:1:95163)
    at https://www.jeko.am/_next/static/chunks/fd9d1056-054f99537c6d1676.js?dpl=dpl_E5iTgJZdbaKjKAAEH26tgdEaHZ39:1:91089
    at https://www.jeko.am/_next/static/chunks/fd9d1056-054f99537c6d1676.js?dpl=dpl_E5iTgJZdbaKjKAAEH26tgdEaHZ39:1:91096
    at oZ (https://www.jeko.am/_next/static/chunks/fd9d1056-054f99537c6d1676.js?dpl=dpl_E5iTgJZdbaKjKAAEH26tgdEaHZ39:1:91201)
    at MessagePort.T (https://www.jeko.am/_next/static/chunks/2117-f8d21d69427dd651.js?dpl=dpl_E5iTgJZdbaKjKAAEH26tgdEaHZ39:1:85205)
[   38471ms] Error: Minified React error #418; visit https://react.dev/errors/418 for the full message or use the non-minified dev environment for full errors and additional helpful warnings.
    at t5 (https://www.jeko.am/_next/static/chunks/fd9d1056-054f99537c6d1676.js?dpl=dpl_E5iTgJZdbaKjKAAEH26tgdEaHZ39:1:24671)
    at iZ (https://www.jeko.am/_next/static/chunks/fd9d1056-054f99537c6d1676.js?dpl=dpl_E5iTgJZdbaKjKAAEH26tgdEaHZ39:1:120612)
    at ia (https://www.jeko.am/_next/static/chunks/fd9d1056-054f99537c6d1676.js?dpl=dpl_E5iTgJZdbaKjKAAEH26tgdEaHZ39:1:95163)
    at https://www.jeko.am/_next/static/chunks/fd9d1056-054f99537c6d1676.js?dpl=dpl_E5iTgJZdbaKjKAAEH26tgdEaHZ39:1:91089
    at https://www.jeko.am/_next/static/chunks/fd9d1056-054f99537c6d1676.js?dpl=dpl_E5iTgJZdbaKjKAAEH26tgdEaHZ39:1:91096
    at oZ (https://www.jeko.am/_next/static/chunks/fd9d1056-054f99537c6d1676.js?dpl=dpl_E5iTgJZdbaKjKAAEH26tgdEaHZ39:1:91201)
    at MessagePort.T (https://www.jeko.am/_next/static/chunks/2117-f8d21d69427dd651.js?dpl=dpl_E5iTgJZdbaKjKAAEH26tgdEaHZ39:1:85205)
[   38472ms] Error: Minified React error #423; visit https://react.dev/errors/423 for the full message or use the non-minified dev environment for full errors and additional helpful warnings.
    at iZ (https://www.jeko.am/_next/static/chunks/fd9d1056-054f99537c6d1676.js?dpl=dpl_E5iTgJZdbaKjKAAEH26tgdEaHZ39:1:118350)
    at ia (https://www.jeko.am/_next/static/chunks/fd9d1056-054f99537c6d1676.js?dpl=dpl_E5iTgJZdbaKjKAAEH26tgdEaHZ39:1:95163)
    at https://www.jeko.am/_next/static/chunks/fd9d1056-054f99537c6d1676.js?dpl=dpl_E5iTgJZdbaKjKAAEH26tgdEaHZ39:1:94985
    at il (https://www.jeko.am/_next/static/chunks/fd9d1056-054f99537c6d1676.js?dpl=dpl_E5iTgJZdbaKjKAAEH26tgdEaHZ39:1:94992)
    at oJ (https://www.jeko.am/_next/static/chunks/fd9d1056-054f99537c6d1676.js?dpl=dpl_E5iTgJZdbaKjKAAEH26tgdEaHZ39:1:92348)
    at oZ (https://www.jeko.am/_next/static/chunks/fd9d1056-054f99537c6d1676.js?dpl=dpl_E5iTgJZdbaKjKAAEH26tgdEaHZ39:1:91767)
    at MessagePort.T (https://www.jeko.am/_next/static/chunks/2117-f8d21d69427dd651.js?dpl=dpl_E5iTgJZdbaKjKAAEH26tgdEaHZ39:1:85205)
[   47135ms] Error: Minified React error #418; visit https://react.dev/errors/418 for the full message or use the non-minified dev environment for full errors and additional helpful warnings.
    at t5 (https://www.jeko.am/_next/static/chunks/fd9d1056-054f99537c6d1676.js?dpl=dpl_E5iTgJZdbaKjKAAEH26tgdEaHZ39:1:24671)
    at iZ (https://www.jeko.am/_next/static/chunks/fd9d1056-054f99537c6d1676.js?dpl=dpl_E5iTgJZdbaKjKAAEH26tgdEaHZ39:1:120536)
    at ia (https://www.jeko.am/_next/static/chunks/fd9d1056-054f99537c6d1676.js?dpl=dpl_E5iTgJZdbaKjKAAEH26tgdEaHZ39:1:95163)
    at https://www.jeko.am/_next/static/chunks/fd9d1056-054f99537c6d1676.js?dpl=dpl_E5iTgJZdbaKjKAAEH26tgdEaHZ39:1:91089
    at https://www.jeko.am/_next/static/chunks/fd9d1056-054f99537c6d1676.js?dpl=dpl_E5iTgJZdbaKjKAAEH26tgdEaHZ39:1:91096
    at oZ (https://www.jeko.am/_next/static/chunks/fd9d1056-054f99537c6d1676.js?dpl=dpl_E5iTgJZdbaKjKAAEH26tgdEaHZ39:1:91201)
    at MessagePort.T (https://www.jeko.am/_next/static/chunks/2117-f8d21d69427dd651.js?dpl=dpl_E5iTgJZdbaKjKAAEH26tgdEaHZ39:1:85205)
[   47137ms] Error: Minified React error #418; visit https://react.dev/errors/418 for the full message or use the non-minified dev environment for full errors and additional helpful warnings.
    at t5 (https://www.jeko.am/_next/static/chunks/fd9d1056-054f99537c6d1676.js?dpl=dpl_E5iTgJZdbaKjKAAEH26tgdEaHZ39:1:24671)
    at iZ (https://www.jeko.am/_next/static/chunks/fd9d1056-054f99537c6d1676.js?dpl=dpl_E5iTgJZdbaKjKAAEH26tgdEaHZ39:1:120536)
    at ia (https://www.jeko.am/_next/static/chunks/fd9d1056-054f99537c6d1676.js?dpl=dpl_E5iTgJZdbaKjKAAEH26tgdEaHZ39:1:95163)
    at https://www.jeko.am/_next/static/chunks/fd9d1056-054f99537c6d1676.js?dpl=dpl_E5iTgJZdbaKjKAAEH26tgdEaHZ39:1:91089
    at https://www.jeko.am/_next/static/chunks/fd9d1056-054f99537c6d1676.js?dpl=dpl_E5iTgJZdbaKjKAAEH26tgdEaHZ39:1:91096
    at oZ (https://www.jeko.am/_next/static/chunks/fd9d1056-054f99537c6d1676.js?dpl=dpl_E5iTgJZdbaKjKAAEH26tgdEaHZ39:1:91201)
    at MessagePort.T (https://www.jeko.am/_next/static/chunks/2117-f8d21d69427dd651.js?dpl=dpl_E5iTgJZdbaKjKAAEH26tgdEaHZ39:1:85205)
[   47138ms] Error: Minified React error #418; visit https://react.dev/errors/418 for the full message or use the non-minified dev environment for full errors and additional helpful warnings.
    at t5 (https://www.jeko.am/_next/static/chunks/fd9d1056-054f99537c6d1676.js?dpl=dpl_E5iTgJZdbaKjKAAEH26tgdEaHZ39:1:24671)
    at iZ (https://www.jeko.am/_next/static/chunks/fd9d1056-054f99537c6d1676.js?dpl=dpl_E5iTgJZdbaKjKAAEH26tgdEaHZ39:1:120536)
    at ia (https://www.jeko.am/_next/static/chunks/fd9d1056-054f99537c6d1676.js?dpl=dpl_E5iTgJZdbaKjKAAEH26tgdEaHZ39:1:95163)
    at https://www.jeko.am/_next/static/chunks/fd9d1056-054f99537c6d1676.js?dpl=dpl_E5iTgJZdbaKjKAAEH26tgdEaHZ39:1:91089
    at https://www.jeko.am/_next/static/chunks/fd9d1056-054f99537c6d1676.js?dpl=dpl_E5iTgJZdbaKjKAAEH26tgdEaHZ39:1:91096
    at oZ (https://www.jeko.am/_next/static/chunks/fd9d1056-054f99537c6d1676.js?dpl=dpl_E5iTgJZdbaKjKAAEH26tgdEaHZ39:1:91201)
    at MessagePort.T (https://www.jeko.am/_next/static/chunks/2117-f8d21d69427dd651.js?dpl=dpl_E5iTgJZdbaKjKAAEH26tgdEaHZ39:1:85205)
[   47139ms] Error: Minified React error #418; visit https://react.dev/errors/418 for the full message or use the non-minified dev environment for full errors and additional helpful warnings.
    at t5 (https://www.jeko.am/_next/static/chunks/fd9d1056-054f99537c6d1676.js?dpl=dpl_E5iTgJZdbaKjKAAEH26tgdEaHZ39:1:24671)
    at iZ (https://www.jeko.am/_next/static/chunks/fd9d1056-054f99537c6d1676.js?dpl=dpl_E5iTgJZdbaKjKAAEH26tgdEaHZ39:1:120536)
    at ia (https://www.jeko.am/_next/static/chunks/fd9d1056-054f99537c6d1676.js?dpl=dpl_E5iTgJZdbaKjKAAEH26tgdEaHZ39:1:95163)
    at https://www.jeko.am/_next/static/chunks/fd9d1056-054f99537c6d1676.js?dpl=dpl_E5iTgJZdbaKjKAAEH26tgdEaHZ39:1:91089
    at https://www.jeko.am/_next/static/chunks/fd9d1056-054f99537c6d1676.js?dpl=dpl_E5iTgJZdbaKjKAAEH26tgdEaHZ39:1:91096
    at oZ (https://www.jeko.am/_next/static/chunks/fd9d1056-054f99537c6d1676.js?dpl=dpl_E5iTgJZdbaKjKAAEH26tgdEaHZ39:1:91201)
    at MessagePort.T (https://www.jeko.am/_next/static/chunks/2117-f8d21d69427dd651.js?dpl=dpl_E5iTgJZdbaKjKAAEH26tgdEaHZ39:1:85205)
[   47140ms] Error: Minified React error #418; visit https://react.dev/errors/418 for the full message or use the non-minified dev environment for full errors and additional helpful warnings.
    at t5 (https://www.jeko.am/_next/static/chunks/fd9d1056-054f99537c6d1676.js?dpl=dpl_E5iTgJZdbaKjKAAEH26tgdEaHZ39:1:24671)
    at iZ (https://www.jeko.am/_next/static/chunks/fd9d1056-054f99537c6d1676.js?dpl=dpl_E5iTgJZdbaKjKAAEH26tgdEaHZ39:1:120612)
    at ia (https://www.jeko.am/_next/static/chunks/fd9d1056-054f99537c6d1676.js?dpl=dpl_E5iTgJZdbaKjKAAEH26tgdEaHZ39:1:95163)
    at https://www.jeko.am/_next/static/chunks/fd9d1056-054f99537c6d1676.js?dpl=dpl_E5iTgJZdbaKjKAAEH26tgdEaHZ39:1:91089
    at https://www.jeko.am/_next/static/chunks/fd9d1056-054f99537c6d1676.js?dpl=dpl_E5iTgJZdbaKjKAAEH26tgdEaHZ39:1:91096
    at oZ (https://www.jeko.am/_next/static/chunks/fd9d1056-054f99537c6d1676.js?dpl=dpl_E5iTgJZdbaKjKAAEH26tgdEaHZ39:1:91201)
    at MessagePort.T (https://www.jeko.am/_next/static/chunks/2117-f8d21d69427dd651.js?dpl=dpl_E5iTgJZdbaKjKAAEH26tgdEaHZ39:1:85205)
[   47146ms] Error: Minified React error #423; visit https://react.dev/errors/423 for the full message or use the non-minified dev environment for full errors and additional helpful warnings.
    at iZ (https://www.jeko.am/_next/static/chunks/fd9d1056-054f99537c6d1676.js?dpl=dpl_E5iTgJZdbaKjKAAEH26tgdEaHZ39:1:118350)
    at ia (https://www.jeko.am/_next/static/chunks/fd9d1056-054f99537c6d1676.js?dpl=dpl_E5iTgJZdbaKjKAAEH26tgdEaHZ39:1:95163)
    at https://www.jeko.am/_next/static/chunks/fd9d1056-054f99537c6d1676.js?dpl=dpl_E5iTgJZdbaKjKAAEH26tgdEaHZ39:1:94985
    at il (https://www.jeko.am/_next/static/chunks/fd9d1056-054f99537c6d1676.js?dpl=dpl_E5iTgJZdbaKjKAAEH26tgdEaHZ39:1:94992)
    at oJ (https://www.jeko.am/_next/static/chunks/fd9d1056-054f99537c6d1676.js?dpl=dpl_E5iTgJZdbaKjKAAEH26tgdEaHZ39:1:92348)
    at oZ (https://www.jeko.am/_next/static/chunks/fd9d1056-054f99537c6d1676.js?dpl=dpl_E5iTgJZdbaKjKAAEH26tgdEaHZ39:1:91767)
    at MessagePort.T (https://www.jeko.am/_next/static/chunks/2117-f8d21d69427dd651.js?dpl=dpl_E5iTgJZdbaKjKAAEH26tgdEaHZ39:1:85205)
[   53313ms] Error: Minified React error #418; visit https://react.dev/errors/418 for the full message or use the non-minified dev environment for full errors and additional helpful warnings.
    at t5 (https://www.jeko.am/_next/static/chunks/fd9d1056-054f99537c6d1676.js?dpl=dpl_E5iTgJZdbaKjKAAEH26tgdEaHZ39:1:24671)
    at iZ (https://www.jeko.am/_next/static/chunks/fd9d1056-054f99537c6d1676.js?dpl=dpl_E5iTgJZdbaKjKAAEH26tgdEaHZ39:1:120536)
    at ia (https://www.jeko.am/_next/static/chunks/fd9d1056-054f99537c6d1676.js?dpl=dpl_E5iTgJZdbaKjKAAEH26tgdEaHZ39:1:95163)
    at https://www.jeko.am/_next/static/chunks/fd9d1056-054f99537c6d1676.js?dpl=dpl_E5iTgJZdbaKjKAAEH26tgdEaHZ39:1:91089
    at https://www.jeko.am/_next/static/chunks/fd9d1056-054f99537c6d1676.js?dpl=dpl_E5iTgJZdbaKjKAAEH26tgdEaHZ39:1:91096
    at oZ (https://www.jeko.am/_next/static/chunks/fd9d1056-054f99537c6d1676.js?dpl=dpl_E5iTgJZdbaKjKAAEH26tgdEaHZ39:1:91201)
    at MessagePort.T (https://www.jeko.am/_next/static/chunks/2117-f8d21d69427dd651.js?dpl=dpl_E5iTgJZdbaKjKAAEH26tgdEaHZ39:1:85205)
[   53315ms] Error: Minified React error #418; visit https://react.dev/errors/418 for the full message or use the non-minified dev environment for full errors and additional helpful warnings.
    at t5 (https://www.jeko.am/_next/static/chunks/fd9d1056-054f99537c6d1676.js?dpl=dpl_E5iTgJZdbaKjKAAEH26tgdEaHZ39:1:24671)
    at iZ (https://www.jeko.am/_next/static/chunks/fd9d1056-054f99537c6d1676.js?dpl=dpl_E5iTgJZdbaKjKAAEH26tgdEaHZ39:1:120536)
    at ia (https://www.jeko.am/_next/static/chunks/fd9d1056-054f99537c6d1676.js?dpl=dpl_E5iTgJZdbaKjKAAEH26tgdEaHZ39:1:95163)
    at https://www.jeko.am/_next/static/chunks/fd9d1056-054f99537c6d1676.js?dpl=dpl_E5iTgJZdbaKjKAAEH26tgdEaHZ39:1:91089
    at https://www.jeko.am/_next/static/chunks/fd9d1056-054f99537c6d1676.js?dpl=dpl_E5iTgJZdbaKjKAAEH26tgdEaHZ39:1:91096
    at oZ (https://www.jeko.am/_next/static/chunks/fd9d1056-054f99537c6d1676.js?dpl=dpl_E5iTgJZdbaKjKAAEH26tgdEaHZ39:1:91201)
    at MessagePort.T (https://www.jeko.am/_next/static/chunks/2117-f8d21d69427dd651.js?dpl=dpl_E5iTgJZdbaKjKAAEH26tgdEaHZ39:1:85205)
[   53317ms] Error: Minified React error #418; visit https://react.dev/errors/418 for the full message or use the non-minified dev environment for full errors and additional helpful warnings.
    at t5 (https://www.jeko.am/_next/static/chunks/fd9d1056-054f99537c6d1676.js?dpl=dpl_E5iTgJZdbaKjKAAEH26tgdEaHZ39:1:24671)
    at iZ (https://www.jeko.am/_next/static/chunks/fd9d1056-054f99537c6d1676.js?dpl=dpl_E5iTgJZdbaKjKAAEH26tgdEaHZ39:1:120536)
    at ia (https://www.jeko.am/_next/static/chunks/fd9d1056-054f99537c6d1676.js?dpl=dpl_E5iTgJZdbaKjKAAEH26tgdEaHZ39:1:95163)
    at https://www.jeko.am/_next/static/chunks/fd9d1056-054f99537c6d1676.js?dpl=dpl_E5iTgJZdbaKjKAAEH26tgdEaHZ39:1:91089
    at https://www.jeko.am/_next/static/chunks/fd9d1056-054f99537c6d1676.js?dpl=dpl_E5iTgJZdbaKjKAAEH26tgdEaHZ39:1:91096
    at oZ (https://www.jeko.am/_next/static/chunks/fd9d1056-054f99537c6d1676.js?dpl=dpl_E5iTgJZdbaKjKAAEH26tgdEaHZ39:1:91201)
    at MessagePort.T (https://www.jeko.am/_next/static/chunks/2117-f8d21d69427dd651.js?dpl=dpl_E5iTgJZdbaKjKAAEH26tgdEaHZ39:1:85205)
[   53318ms] Error: Minified React error #418; visit https://react.dev/errors/418 for the full message or use the non-minified dev environment for full errors and additional helpful warnings.
    at t5 (https://www.jeko.am/_next/static/chunks/fd9d1056-054f99537c6d1676.js?dpl=dpl_E5iTgJZdbaKjKAAEH26tgdEaHZ39:1:24671)
    at iZ (https://www.jeko.am/_next/static/chunks/fd9d1056-054f99537c6d1676.js?dpl=dpl_E5iTgJZdbaKjKAAEH26tgdEaHZ39:1:120536)
    at ia (https://www.jeko.am/_next/static/chunks/fd9d1056-054f99537c6d1676.js?dpl=dpl_E5iTgJZdbaKjKAAEH26tgdEaHZ39:1:95163)
    at https://www.jeko.am/_next/static/chunks/fd9d1056-054f99537c6d1676.js?dpl=dpl_E5iTgJZdbaKjKAAEH26tgdEaHZ39:1:91089
    at https://www.jeko.am/_next/static/chunks/fd9d1056-054f99537c6d1676.js?dpl=dpl_E5iTgJZdbaKjKAAEH26tgdEaHZ39:1:91096
    at oZ (https://www.jeko.am/_next/static/chunks/fd9d1056-054f99537c6d1676.js?dpl=dpl_E5iTgJZdbaKjKAAEH26tgdEaHZ39:1:91201)
    at MessagePort.T (https://www.jeko.am/_next/static/chunks/2117-f8d21d69427dd651.js?dpl=dpl_E5iTgJZdbaKjKAAEH26tgdEaHZ39:1:85205)
[   53319ms] Error: Minified React error #418; visit https://react.dev/errors/418 for the full message or use the non-minified dev environment for full errors and additional helpful warnings.
    at t5 (https://www.jeko.am/_next/static/chunks/fd9d1056-054f99537c6d1676.js?dpl=dpl_E5iTgJZdbaKjKAAEH26tgdEaHZ39:1:24671)
    at iZ (https://www.jeko.am/_next/static/chunks/fd9d1056-054f99537c6d1676.js?dpl=dpl_E5iTgJZdbaKjKAAEH26tgdEaHZ39:1:120612)
    at ia (https://www.jeko.am/_next/static/chunks/fd9d1056-054f99537c6d1676.js?dpl=dpl_E5iTgJZdbaKjKAAEH26tgdEaHZ39:1:95163)
    at https://www.jeko.am/_next/static/chunks/fd9d1056-054f99537c6d1676.js?dpl=dpl_E5iTgJZdbaKjKAAEH26tgdEaHZ39:1:91089
    at https://www.jeko.am/_next/static/chunks/fd9d1056-054f99537c6d1676.js?dpl=dpl_E5iTgJZdbaKjKAAEH26tgdEaHZ39:1:91096
    at oZ (https://www.jeko.am/_next/static/chunks/fd9d1056-054f99537c6d1676.js?dpl=dpl_E5iTgJZdbaKjKAAEH26tgdEaHZ39:1:91201)
    at MessagePort.T (https://www.jeko.am/_next/static/chunks/2117-f8d21d69427dd651.js?dpl=dpl_E5iTgJZdbaKjKAAEH26tgdEaHZ39:1:85205)
[   53320ms] Error: Minified React error #423; visit https://react.dev/errors/423 for the full message or use the non-minified dev environment for full errors and additional helpful warnings.
    at iZ (https://www.jeko.am/_next/static/chunks/fd9d1056-054f99537c6d1676.js?dpl=dpl_E5iTgJZdbaKjKAAEH26tgdEaHZ39:1:118350)
    at ia (https://www.jeko.am/_next/static/chunks/fd9d1056-054f99537c6d1676.js?dpl=dpl_E5iTgJZdbaKjKAAEH26tgdEaHZ39:1:95163)
    at https://www.jeko.am/_next/static/chunks/fd9d1056-054f99537c6d1676.js?dpl=dpl_E5iTgJZdbaKjKAAEH26tgdEaHZ39:1:94985
    at il (https://www.jeko.am/_next/static/chunks/fd9d1056-054f99537c6d1676.js?dpl=dpl_E5iTgJZdbaKjKAAEH26tgdEaHZ39:1:94992)
    at oJ (https://www.jeko.am/_next/static/chunks/fd9d1056-054f99537c6d1676.js?dpl=dpl_E5iTgJZdbaKjKAAEH26tgdEaHZ39:1:92348)
    at oZ (https://www.jeko.am/_next/static/chunks/fd9d1056-054f99537c6d1676.js?dpl=dpl_E5iTgJZdbaKjKAAEH26tgdEaHZ39:1:91767)
    at MessagePort.T (https://www.jeko.am/_next/static/chunks/2117-f8d21d69427dd651.js?dpl=dpl_E5iTgJZdbaKjKAAEH26tgdEaHZ39:1:85205)
