[     211ms] [LOG] [Fast Refresh] rebuilding @ webpack-internal:///(app-pages-browser)/./node_modules/next/dist/client/components/react-dev-overlay/app/hot-reloader-client.js:186
[     704ms] [LOG] [Fast Refresh] done in 493ms @ webpack-internal:///(app-pages-browser)/./node_modules/next/dist/client/components/react-dev-overlay/app/hot-reloader-client.js:43
[    1100ms] [INFO] %cDownload the React DevTools for a better development experience: https://reactjs.org/link/react-devtools font-weight:bold @ webpack-internal:///(app-pages-browser)/./node_modules/next/dist/compiled/react-dom/cjs/react-dom.development.js:38559
[    2026ms] [ERROR] Failed to load resource: the server responded with a status of 400 () @ https://dzhtpnskezkrtfinntbi.supabase.co/rest/v1/matches?select=*&or=%28user_a_id.eq.127259fc-7ded-4081-aeed-9afb5d3c74c5%2Cuser_b_id.eq.127259fc-7ded-4081-aeed-9afb5d3c74c5%29&is_active=eq.true&order=created_at.desc:0
[    2027ms] [ERROR] Error fetching matches: {code: 42703, details: null, hint: null, message: column matches.created_at does not exist} @ webpack-internal:///(app-pages-browser)/./node_modules/next/dist/client/app-index.js:32
[    2360ms] [ERROR] Failed to load resource: the server responded with a status of 400 () @ https://dzhtpnskezkrtfinntbi.supabase.co/rest/v1/matches?select=*&or=%28user_a_id.eq.127259fc-7ded-4081-aeed-9afb5d3c74c5%2Cuser_b_id.eq.127259fc-7ded-4081-aeed-9afb5d3c74c5%29&is_active=eq.true&order=created_at.desc:0
[    2361ms] [ERROR] Error fetching matches: {code: 42703, details: null, hint: null, message: column matches.created_at does not exist} @ webpack-internal:///(app-pages-browser)/./node_modules/next/dist/client/app-index.js:32
[  105436ms] [ERROR] Failed to load resource: the server responded with a status of 400 () @ https://dzhtpnskezkrtfinntbi.supabase.co/rest/v1/matches?select=*&or=%28user_a_id.eq.127259fc-7ded-4081-aeed-9afb5d3c74c5%2Cuser_b_id.eq.127259fc-7ded-4081-aeed-9afb5d3c74c5%29&is_active=eq.true&order=created_at.desc:0
[  105437ms] [ERROR] Error fetching matches: {code: 42703, details: null, hint: null, message: column matches.created_at does not exist} @ webpack-internal:///(app-pages-browser)/./node_modules/next/dist/client/app-index.js:32
[  105649ms] [ERROR] Failed to load resource: the server responded with a status of 400 () @ https://dzhtpnskezkrtfinntbi.supabase.co/rest/v1/matches?select=*&or=%28user_a_id.eq.127259fc-7ded-4081-aeed-9afb5d3c74c5%2Cuser_b_id.eq.127259fc-7ded-4081-aeed-9afb5d3c74c5%29&is_active=eq.true&order=created_at.desc:0
[  105650ms] [ERROR] Error fetching matches: {code: 42703, details: null, hint: null, message: column matches.created_at does not exist} @ webpack-internal:///(app-pages-browser)/./node_modules/next/dist/client/app-index.js:32
[  107640ms] [VERBOSE] [DOM] Input elements should have autocomplete attributes (suggested: "current-password"): (More info: https://goo.gl/9p2vKq) %o @ http://localhost:3000/matches:0
[11745507ms] [LOG] [Fast Refresh] rebuilding @ webpack-internal:///(app-pages-browser)/./node_modules/next/dist/client/components/react-dev-overlay/app/hot-reloader-client.js:186
[11746139ms] [LOG] [Fast Refresh] done in 631ms @ webpack-internal:///(app-pages-browser)/./node_modules/next/dist/client/components/react-dev-overlay/app/hot-reloader-client.js:43
[11746162ms] [LOG] [Fast Refresh] rebuilding @ webpack-internal:///(app-pages-browser)/./node_modules/next/dist/client/components/react-dev-overlay/app/hot-reloader-client.js:186
[11747093ms] [LOG] [Fast Refresh] done in 930ms @ webpack-internal:///(app-pages-browser)/./node_modules/next/dist/client/components/react-dev-overlay/app/hot-reloader-client.js:43
[11747579ms] [ERROR] Failed to load resource: the server responded with a status of 500 (Internal Server Error) @ http://localhost:3000/matches?_rsc=f3bet:0
[11748261ms] [ERROR] Failed to load resource: the server responded with a status of 404 (Not Found) @ http://localhost:3000/_next/static/css/app/layout.css?v=1775462118635:0
[11748269ms] [ERROR] Failed to load resource: the server responded with a status of 404 (Not Found) @ http://localhost:3000/_next/static/chunks/main-app.js?v=1775462118635:0
[11748270ms] [ERROR] Failed to load resource: the server responded with a status of 404 (Not Found) @ http://localhost:3000/_next/static/chunks/app/matches/page.js:0
[11748270ms] [ERROR] Failed to load resource: the server responded with a status of 404 (Not Found) @ http://localhost:3000/_next/static/chunks/app-pages-internals.js:0
