[    2716ms] Error: Minified React error #418; visit https://react.dev/errors/418 for the full message or use the non-minified dev environment for full errors and additional helpful warnings.
    at t5 (https://www.jeko.am/_next/static/chunks/fd9d1056-054f99537c6d1676.js?dpl=dpl_Yzar6VPqEUDk9f6SKT2PS8DDoqYZ:1:24671)
    at iZ (https://www.jeko.am/_next/static/chunks/fd9d1056-054f99537c6d1676.js?dpl=dpl_Yzar6VPqEUDk9f6SKT2PS8DDoqYZ:1:120536)
    at ia (https://www.jeko.am/_next/static/chunks/fd9d1056-054f99537c6d1676.js?dpl=dpl_Yzar6VPqEUDk9f6SKT2PS8DDoqYZ:1:95163)
    at https://www.jeko.am/_next/static/chunks/fd9d1056-054f99537c6d1676.js?dpl=dpl_Yzar6VPqEUDk9f6SKT2PS8DDoqYZ:1:91089
    at https://www.jeko.am/_next/static/chunks/fd9d1056-054f99537c6d1676.js?dpl=dpl_Yzar6VPqEUDk9f6SKT2PS8DDoqYZ:1:91096
    at oZ (https://www.jeko.am/_next/static/chunks/fd9d1056-054f99537c6d1676.js?dpl=dpl_Yzar6VPqEUDk9f6SKT2PS8DDoqYZ:1:91201)
    at MessagePort.T (https://www.jeko.am/_next/static/chunks/2117-14e99487fec21adb.js?dpl=dpl_Yzar6VPqEUDk9f6SKT2PS8DDoqYZ:1:85205)
[    2722ms] Error: Minified React error #418; visit https://react.dev/errors/418 for the full message or use the non-minified dev environment for full errors and additional helpful warnings.
    at t5 (https://www.jeko.am/_next/static/chunks/fd9d1056-054f99537c6d1676.js?dpl=dpl_Yzar6VPqEUDk9f6SKT2PS8DDoqYZ:1:24671)
    at iZ (https://www.jeko.am/_next/static/chunks/fd9d1056-054f99537c6d1676.js?dpl=dpl_Yzar6VPqEUDk9f6SKT2PS8DDoqYZ:1:120536)
    at ia (https://www.jeko.am/_next/static/chunks/fd9d1056-054f99537c6d1676.js?dpl=dpl_Yzar6VPqEUDk9f6SKT2PS8DDoqYZ:1:95163)
    at https://www.jeko.am/_next/static/chunks/fd9d1056-054f99537c6d1676.js?dpl=dpl_Yzar6VPqEUDk9f6SKT2PS8DDoqYZ:1:91089
    at https://www.jeko.am/_next/static/chunks/fd9d1056-054f99537c6d1676.js?dpl=dpl_Yzar6VPqEUDk9f6SKT2PS8DDoqYZ:1:91096
    at oZ (https://www.jeko.am/_next/static/chunks/fd9d1056-054f99537c6d1676.js?dpl=dpl_Yzar6VPqEUDk9f6SKT2PS8DDoqYZ:1:91201)
    at MessagePort.T (https://www.jeko.am/_next/static/chunks/2117-14e99487fec21adb.js?dpl=dpl_Yzar6VPqEUDk9f6SKT2PS8DDoqYZ:1:85205)
[    2724ms] Error: Minified React error #418; visit https://react.dev/errors/418 for the full message or use the non-minified dev environment for full errors and additional helpful warnings.
    at t5 (https://www.jeko.am/_next/static/chunks/fd9d1056-054f99537c6d1676.js?dpl=dpl_Yzar6VPqEUDk9f6SKT2PS8DDoqYZ:1:24671)
    at iZ (https://www.jeko.am/_next/static/chunks/fd9d1056-054f99537c6d1676.js?dpl=dpl_Yzar6VPqEUDk9f6SKT2PS8DDoqYZ:1:120536)
    at ia (https://www.jeko.am/_next/static/chunks/fd9d1056-054f99537c6d1676.js?dpl=dpl_Yzar6VPqEUDk9f6SKT2PS8DDoqYZ:1:95163)
    at https://www.jeko.am/_next/static/chunks/fd9d1056-054f99537c6d1676.js?dpl=dpl_Yzar6VPqEUDk9f6SKT2PS8DDoqYZ:1:91089
    at https://www.jeko.am/_next/static/chunks/fd9d1056-054f99537c6d1676.js?dpl=dpl_Yzar6VPqEUDk9f6SKT2PS8DDoqYZ:1:91096
    at oZ (https://www.jeko.am/_next/static/chunks/fd9d1056-054f99537c6d1676.js?dpl=dpl_Yzar6VPqEUDk9f6SKT2PS8DDoqYZ:1:91201)
    at MessagePort.T (https://www.jeko.am/_next/static/chunks/2117-14e99487fec21adb.js?dpl=dpl_Yzar6VPqEUDk9f6SKT2PS8DDoqYZ:1:85205)
[    2726ms] Error: Minified React error #418; visit https://react.dev/errors/418 for the full message or use the non-minified dev environment for full errors and additional helpful warnings.
    at t5 (https://www.jeko.am/_next/static/chunks/fd9d1056-054f99537c6d1676.js?dpl=dpl_Yzar6VPqEUDk9f6SKT2PS8DDoqYZ:1:24671)
    at iZ (https://www.jeko.am/_next/static/chunks/fd9d1056-054f99537c6d1676.js?dpl=dpl_Yzar6VPqEUDk9f6SKT2PS8DDoqYZ:1:120536)
    at ia (https://www.jeko.am/_next/static/chunks/fd9d1056-054f99537c6d1676.js?dpl=dpl_Yzar6VPqEUDk9f6SKT2PS8DDoqYZ:1:95163)
    at https://www.jeko.am/_next/static/chunks/fd9d1056-054f99537c6d1676.js?dpl=dpl_Yzar6VPqEUDk9f6SKT2PS8DDoqYZ:1:91089
    at https://www.jeko.am/_next/static/chunks/fd9d1056-054f99537c6d1676.js?dpl=dpl_Yzar6VPqEUDk9f6SKT2PS8DDoqYZ:1:91096
    at oZ (https://www.jeko.am/_next/static/chunks/fd9d1056-054f99537c6d1676.js?dpl=dpl_Yzar6VPqEUDk9f6SKT2PS8DDoqYZ:1:91201)
    at MessagePort.T (https://www.jeko.am/_next/static/chunks/2117-14e99487fec21adb.js?dpl=dpl_Yzar6VPqEUDk9f6SKT2PS8DDoqYZ:1:85205)
[    2727ms] Error: Minified React error #418; visit https://react.dev/errors/418 for the full message or use the non-minified dev environment for full errors and additional helpful warnings.
    at t5 (https://www.jeko.am/_next/static/chunks/fd9d1056-054f99537c6d1676.js?dpl=dpl_Yzar6VPqEUDk9f6SKT2PS8DDoqYZ:1:24671)
    at iZ (https://www.jeko.am/_next/static/chunks/fd9d1056-054f99537c6d1676.js?dpl=dpl_Yzar6VPqEUDk9f6SKT2PS8DDoqYZ:1:120612)
    at ia (https://www.jeko.am/_next/static/chunks/fd9d1056-054f99537c6d1676.js?dpl=dpl_Yzar6VPqEUDk9f6SKT2PS8DDoqYZ:1:95163)
    at https://www.jeko.am/_next/static/chunks/fd9d1056-054f99537c6d1676.js?dpl=dpl_Yzar6VPqEUDk9f6SKT2PS8DDoqYZ:1:91089
    at https://www.jeko.am/_next/static/chunks/fd9d1056-054f99537c6d1676.js?dpl=dpl_Yzar6VPqEUDk9f6SKT2PS8DDoqYZ:1:91096
    at oZ (https://www.jeko.am/_next/static/chunks/fd9d1056-054f99537c6d1676.js?dpl=dpl_Yzar6VPqEUDk9f6SKT2PS8DDoqYZ:1:91201)
    at MessagePort.T (https://www.jeko.am/_next/static/chunks/2117-14e99487fec21adb.js?dpl=dpl_Yzar6VPqEUDk9f6SKT2PS8DDoqYZ:1:85205)
[    2728ms] Error: Minified React error #423; visit https://react.dev/errors/423 for the full message or use the non-minified dev environment for full errors and additional helpful warnings.
    at iZ (https://www.jeko.am/_next/static/chunks/fd9d1056-054f99537c6d1676.js?dpl=dpl_Yzar6VPqEUDk9f6SKT2PS8DDoqYZ:1:118350)
    at ia (https://www.jeko.am/_next/static/chunks/fd9d1056-054f99537c6d1676.js?dpl=dpl_Yzar6VPqEUDk9f6SKT2PS8DDoqYZ:1:95163)
    at https://www.jeko.am/_next/static/chunks/fd9d1056-054f99537c6d1676.js?dpl=dpl_Yzar6VPqEUDk9f6SKT2PS8DDoqYZ:1:94985
    at il (https://www.jeko.am/_next/static/chunks/fd9d1056-054f99537c6d1676.js?dpl=dpl_Yzar6VPqEUDk9f6SKT2PS8DDoqYZ:1:94992)
    at oJ (https://www.jeko.am/_next/static/chunks/fd9d1056-054f99537c6d1676.js?dpl=dpl_Yzar6VPqEUDk9f6SKT2PS8DDoqYZ:1:92348)
    at oZ (https://www.jeko.am/_next/static/chunks/fd9d1056-054f99537c6d1676.js?dpl=dpl_Yzar6VPqEUDk9f6SKT2PS8DDoqYZ:1:91767)
    at MessagePort.T (https://www.jeko.am/_next/static/chunks/2117-14e99487fec21adb.js?dpl=dpl_Yzar6VPqEUDk9f6SKT2PS8DDoqYZ:1:85205)
